2020-07-25 23:29:07,373 INFO  Logger.cs: 70 - 
--------------------------------------------------------------------------------
2020-07-25 23:29:07,562 INFO  Logger.cs: 71 - Logging commencing for SW2URDF exporter
2020-07-25 23:29:07,564 INFO  Logger.cs: 73 - Commit version 1.5.1-0-g916b5db
2020-07-25 23:29:07,567 INFO  Logger.cs: 74 - Build version 1.5.7152.31018
2020-07-25 23:29:07,647 INFO  SwAddin.cs: 250 - Adding Assembly export to file menu
2020-07-25 23:29:07,648 INFO  SwAddin.cs: 253 - Adding Part export to file menu
2020-07-25 23:29:08,292 INFO  SwAddin.cs: 218 - Connecting plugin to SolidWorks
2020-07-25 23:33:39,285 INFO  SwAddin.cs: 271 - Assembly export called for file full bot.SLDASM
2020-07-25 23:33:41,644 INFO  SwAddin.cs: 290 - Saving assembly
2020-07-25 23:33:42,359 INFO  SwAddin.cs: 293 - Opening property manager
2020-07-25 23:33:42,415 INFO  ExportHelperExtension.cs: 1131 - Retrieving features of type [CoordSys] from full bot.SLDASM
2020-07-25 23:33:42,494 INFO  ExportHelperExtension.cs: 1142 - Found 65 in full bot.SLDASM
2020-07-25 23:33:42,495 INFO  ExportHelperExtension.cs: 1152 - Found 0 features of type [CoordSys] in full bot.SLDASM
2020-07-25 23:33:42,496 INFO  ExportHelperExtension.cs: 1155 - Proceeding through assembly components
2020-07-25 23:33:42,499 INFO  ExportHelperExtension.cs: 1167 - 12 components to check
2020-07-25 23:33:42,501 INFO  ExportHelperExtension.cs: 1131 - Retrieving features of type [CoordSys] from motor-1
2020-07-25 23:33:42,502 INFO  ExportHelperExtension.cs: 1142 - Found 26 in motor-1
2020-07-25 23:33:42,502 INFO  ExportHelperExtension.cs: 1152 - Found 0 features of type [CoordSys] in motor-1
2020-07-25 23:33:42,503 INFO  ExportHelperExtension.cs: 1131 - Retrieving features of type [CoordSys] from motor_support-2
2020-07-25 23:33:42,504 INFO  ExportHelperExtension.cs: 1142 - Found 44 in motor_support-2
2020-07-25 23:33:42,505 INFO  ExportHelperExtension.cs: 1152 - Found 0 features of type [CoordSys] in motor_support-2
2020-07-25 23:33:42,506 INFO  ExportHelperExtension.cs: 1131 - Retrieving features of type [CoordSys] from L clamp-1
2020-07-25 23:33:42,507 INFO  ExportHelperExtension.cs: 1142 - Found 39 in L clamp-1
2020-07-25 23:33:42,508 INFO  ExportHelperExtension.cs: 1152 - Found 0 features of type [CoordSys] in L clamp-1
2020-07-25 23:33:42,509 INFO  ExportHelperExtension.cs: 1131 - Retrieving features of type [CoordSys] from chassis_plat-2
2020-07-25 23:33:42,509 INFO  ExportHelperExtension.cs: 1142 - Found 24 in chassis_plat-2
2020-07-25 23:33:42,510 INFO  ExportHelperExtension.cs: 1152 - Found 0 features of type [CoordSys] in chassis_plat-2
2020-07-25 23:33:42,511 INFO  ExportHelperExtension.cs: 1131 - Retrieving features of type [CoordSys] from camera_staff-1
2020-07-25 23:33:42,511 INFO  ExportHelperExtension.cs: 1142 - Found 30 in camera_staff-1
2020-07-25 23:33:42,512 INFO  ExportHelperExtension.cs: 1152 - Found 0 features of type [CoordSys] in camera_staff-1
2020-07-25 23:33:42,513 INFO  ExportHelperExtension.cs: 1131 - Retrieving features of type [CoordSys] from belt_left-2
2020-07-25 23:33:42,514 INFO  ExportHelperExtension.cs: 1142 - Found 44 in belt_left-2
2020-07-25 23:33:42,514 INFO  ExportHelperExtension.cs: 1152 - Found 0 features of type [CoordSys] in belt_left-2
2020-07-25 23:33:42,515 INFO  ExportHelperExtension.cs: 1131 - Retrieving features of type [CoordSys] from camera_rod-1
2020-07-25 23:33:42,516 INFO  ExportHelperExtension.cs: 1142 - Found 30 in camera_rod-1
2020-07-25 23:33:42,516 INFO  ExportHelperExtension.cs: 1152 - Found 0 features of type [CoordSys] in camera_rod-1
2020-07-25 23:33:42,517 INFO  ExportHelperExtension.cs: 1131 - Retrieving features of type [CoordSys] from chassis_plat-3
2020-07-25 23:33:42,518 INFO  ExportHelperExtension.cs: 1142 - Found 24 in chassis_plat-3
2020-07-25 23:33:42,518 INFO  ExportHelperExtension.cs: 1152 - Found 0 features of type [CoordSys] in chassis_plat-3
2020-07-25 23:33:42,519 INFO  ExportHelperExtension.cs: 1131 - Retrieving features of type [CoordSys] from belt_left-1
2020-07-25 23:33:42,520 INFO  ExportHelperExtension.cs: 1142 - Found 44 in belt_left-1
2020-07-25 23:33:42,522 INFO  ExportHelperExtension.cs: 1152 - Found 0 features of type [CoordSys] in belt_left-1
2020-07-25 23:33:42,522 INFO  ExportHelperExtension.cs: 1131 - Retrieving features of type [CoordSys] from chassis_plat-1
2020-07-25 23:33:42,523 INFO  ExportHelperExtension.cs: 1142 - Found 24 in chassis_plat-1
2020-07-25 23:33:42,524 INFO  ExportHelperExtension.cs: 1152 - Found 0 features of type [CoordSys] in chassis_plat-1
2020-07-25 23:33:42,525 INFO  ExportHelperExtension.cs: 1131 - Retrieving features of type [CoordSys] from motor-2
2020-07-25 23:33:42,526 INFO  ExportHelperExtension.cs: 1142 - Found 26 in motor-2
2020-07-25 23:33:42,527 INFO  ExportHelperExtension.cs: 1152 - Found 0 features of type [CoordSys] in motor-2
2020-07-25 23:33:42,527 INFO  ExportHelperExtension.cs: 1131 - Retrieving features of type [CoordSys] from motor_support-1
2020-07-25 23:33:42,528 INFO  ExportHelperExtension.cs: 1142 - Found 44 in motor_support-1
2020-07-25 23:33:42,529 INFO  ExportHelperExtension.cs: 1152 - Found 0 features of type [CoordSys] in motor_support-1
2020-07-25 23:33:42,529 INFO  ExportHelperExtension.cs: 1131 - Retrieving features of type [RefAxis] from full bot.SLDASM
2020-07-25 23:33:42,530 INFO  ExportHelperExtension.cs: 1142 - Found 65 in full bot.SLDASM
2020-07-25 23:33:42,531 INFO  ExportHelperExtension.cs: 1152 - Found 0 features of type [RefAxis] in full bot.SLDASM
2020-07-25 23:33:42,532 INFO  ExportHelperExtension.cs: 1155 - Proceeding through assembly components
2020-07-25 23:33:42,532 INFO  ExportHelperExtension.cs: 1167 - 12 components to check
2020-07-25 23:33:42,533 INFO  ExportHelperExtension.cs: 1131 - Retrieving features of type [RefAxis] from motor-1
2020-07-25 23:33:42,534 INFO  ExportHelperExtension.cs: 1142 - Found 26 in motor-1
2020-07-25 23:33:42,535 INFO  ExportHelperExtension.cs: 1152 - Found 0 features of type [RefAxis] in motor-1
2020-07-25 23:33:42,536 INFO  ExportHelperExtension.cs: 1131 - Retrieving features of type [RefAxis] from motor_support-2
2020-07-25 23:33:42,536 INFO  ExportHelperExtension.cs: 1142 - Found 44 in motor_support-2
2020-07-25 23:33:42,537 INFO  ExportHelperExtension.cs: 1152 - Found 0 features of type [RefAxis] in motor_support-2
2020-07-25 23:33:42,538 INFO  ExportHelperExtension.cs: 1131 - Retrieving features of type [RefAxis] from L clamp-1
2020-07-25 23:33:42,539 INFO  ExportHelperExtension.cs: 1142 - Found 39 in L clamp-1
2020-07-25 23:33:42,544 INFO  ExportHelperExtension.cs: 1152 - Found 0 features of type [RefAxis] in L clamp-1
2020-07-25 23:33:42,545 INFO  ExportHelperExtension.cs: 1131 - Retrieving features of type [RefAxis] from chassis_plat-2
2020-07-25 23:33:42,801 INFO  ExportHelperExtension.cs: 1142 - Found 24 in chassis_plat-2
2020-07-25 23:33:42,802 INFO  ExportHelperExtension.cs: 1152 - Found 0 features of type [RefAxis] in chassis_plat-2
2020-07-25 23:33:42,802 INFO  ExportHelperExtension.cs: 1131 - Retrieving features of type [RefAxis] from camera_staff-1
2020-07-25 23:33:42,803 INFO  ExportHelperExtension.cs: 1142 - Found 30 in camera_staff-1
2020-07-25 23:33:42,803 INFO  ExportHelperExtension.cs: 1152 - Found 0 features of type [RefAxis] in camera_staff-1
2020-07-25 23:33:42,804 INFO  ExportHelperExtension.cs: 1131 - Retrieving features of type [RefAxis] from belt_left-2
2020-07-25 23:33:42,804 INFO  ExportHelperExtension.cs: 1142 - Found 44 in belt_left-2
2020-07-25 23:33:42,805 INFO  ExportHelperExtension.cs: 1152 - Found 0 features of type [RefAxis] in belt_left-2
2020-07-25 23:33:42,805 INFO  ExportHelperExtension.cs: 1131 - Retrieving features of type [RefAxis] from camera_rod-1
2020-07-25 23:33:42,806 INFO  ExportHelperExtension.cs: 1142 - Found 30 in camera_rod-1
2020-07-25 23:33:42,806 INFO  ExportHelperExtension.cs: 1152 - Found 0 features of type [RefAxis] in camera_rod-1
2020-07-25 23:33:42,807 INFO  ExportHelperExtension.cs: 1131 - Retrieving features of type [RefAxis] from chassis_plat-3
2020-07-25 23:33:42,807 INFO  ExportHelperExtension.cs: 1142 - Found 24 in chassis_plat-3
2020-07-25 23:33:42,808 INFO  ExportHelperExtension.cs: 1152 - Found 0 features of type [RefAxis] in chassis_plat-3
2020-07-25 23:33:42,809 INFO  ExportHelperExtension.cs: 1131 - Retrieving features of type [RefAxis] from belt_left-1
2020-07-25 23:33:42,809 INFO  ExportHelperExtension.cs: 1142 - Found 44 in belt_left-1
2020-07-25 23:33:42,809 INFO  ExportHelperExtension.cs: 1152 - Found 0 features of type [RefAxis] in belt_left-1
2020-07-25 23:33:42,809 INFO  ExportHelperExtension.cs: 1131 - Retrieving features of type [RefAxis] from chassis_plat-1
2020-07-25 23:33:42,810 INFO  ExportHelperExtension.cs: 1142 - Found 24 in chassis_plat-1
2020-07-25 23:33:42,810 INFO  ExportHelperExtension.cs: 1152 - Found 0 features of type [RefAxis] in chassis_plat-1
2020-07-25 23:33:42,811 INFO  ExportHelperExtension.cs: 1131 - Retrieving features of type [RefAxis] from motor-2
2020-07-25 23:33:42,811 INFO  ExportHelperExtension.cs: 1142 - Found 26 in motor-2
2020-07-25 23:33:42,812 INFO  ExportHelperExtension.cs: 1152 - Found 0 features of type [RefAxis] in motor-2
2020-07-25 23:33:42,812 INFO  ExportHelperExtension.cs: 1131 - Retrieving features of type [RefAxis] from motor_support-1
2020-07-25 23:33:42,813 INFO  ExportHelperExtension.cs: 1142 - Found 44 in motor_support-1
2020-07-25 23:33:42,813 INFO  ExportHelperExtension.cs: 1152 - Found 0 features of type [RefAxis] in motor_support-1
2020-07-25 23:33:43,340 INFO  SwAddin.cs: 316 - Loading config tree
2020-07-25 23:33:43,347 INFO  ExportPropertyManagerExtension.cs: 597 - Starting new configuration
2020-07-25 23:33:43,352 INFO  SwAddin.cs: 321 - Showing property manager
2020-07-25 23:36:16,915 INFO  ExportPropertyManager.cs: 1178 - OnNumberBoxTrackingCompleted called. This method no longer throws an Exception. It just silently does nothing. Ok, except for this logging message
2020-07-25 23:36:17,574 INFO  ExportPropertyManager.cs: 1178 - OnNumberBoxTrackingCompleted called. This method no longer throws an Exception. It just silently does nothing. Ok, except for this logging message
2020-07-25 23:37:47,684 INFO  ExportPropertyManager.cs: 1184 - AfterClose called. This method no longer throws an Exception. It just silently does nothing. Ok, except for this logging message
2020-07-25 23:38:15,321 INFO  SwAddin.cs: 271 - Assembly export called for file full bot.SLDASM
2020-07-25 23:38:23,960 INFO  SwAddin.cs: 290 - Saving assembly
2020-07-25 23:38:24,503 INFO  SwAddin.cs: 293 - Opening property manager
2020-07-25 23:38:24,504 INFO  ExportHelperExtension.cs: 1131 - Retrieving features of type [CoordSys] from full bot.SLDASM
2020-07-25 23:38:24,505 INFO  ExportHelperExtension.cs: 1142 - Found 65 in full bot.SLDASM
2020-07-25 23:38:24,506 INFO  ExportHelperExtension.cs: 1152 - Found 0 features of type [CoordSys] in full bot.SLDASM
2020-07-25 23:38:24,507 INFO  ExportHelperExtension.cs: 1155 - Proceeding through assembly components
2020-07-25 23:38:24,507 INFO  ExportHelperExtension.cs: 1167 - 12 components to check
2020-07-25 23:38:24,507 INFO  ExportHelperExtension.cs: 1131 - Retrieving features of type [CoordSys] from motor-1
2020-07-25 23:38:24,508 INFO  ExportHelperExtension.cs: 1142 - Found 26 in motor-1
2020-07-25 23:38:24,509 INFO  ExportHelperExtension.cs: 1152 - Found 0 features of type [CoordSys] in motor-1
2020-07-25 23:38:24,510 INFO  ExportHelperExtension.cs: 1131 - Retrieving features of type [CoordSys] from motor_support-2
2020-07-25 23:38:24,511 INFO  ExportHelperExtension.cs: 1142 - Found 44 in motor_support-2
2020-07-25 23:38:24,512 INFO  ExportHelperExtension.cs: 1152 - Found 0 features of type [CoordSys] in motor_support-2
2020-07-25 23:38:24,512 INFO  ExportHelperExtension.cs: 1131 - Retrieving features of type [CoordSys] from L clamp-1
2020-07-25 23:38:24,513 INFO  ExportHelperExtension.cs: 1142 - Found 39 in L clamp-1
2020-07-25 23:38:24,514 INFO  ExportHelperExtension.cs: 1152 - Found 0 features of type [CoordSys] in L clamp-1
2020-07-25 23:38:24,515 INFO  ExportHelperExtension.cs: 1131 - Retrieving features of type [CoordSys] from chassis_plat-2
2020-07-25 23:38:24,516 INFO  ExportHelperExtension.cs: 1142 - Found 24 in chassis_plat-2
2020-07-25 23:38:24,517 INFO  ExportHelperExtension.cs: 1152 - Found 0 features of type [CoordSys] in chassis_plat-2
2020-07-25 23:38:24,518 INFO  ExportHelperExtension.cs: 1131 - Retrieving features of type [CoordSys] from camera_staff-1
2020-07-25 23:38:24,519 INFO  ExportHelperExtension.cs: 1142 - Found 30 in camera_staff-1
2020-07-25 23:38:24,520 INFO  ExportHelperExtension.cs: 1152 - Found 0 features of type [CoordSys] in camera_staff-1
2020-07-25 23:38:24,521 INFO  ExportHelperExtension.cs: 1131 - Retrieving features of type [CoordSys] from belt_left-2
2020-07-25 23:38:24,522 INFO  ExportHelperExtension.cs: 1142 - Found 44 in belt_left-2
2020-07-25 23:38:24,524 INFO  ExportHelperExtension.cs: 1152 - Found 0 features of type [CoordSys] in belt_left-2
2020-07-25 23:38:24,524 INFO  ExportHelperExtension.cs: 1131 - Retrieving features of type [CoordSys] from camera_rod-1
2020-07-25 23:38:24,526 INFO  ExportHelperExtension.cs: 1142 - Found 30 in camera_rod-1
2020-07-25 23:38:24,530 INFO  ExportHelperExtension.cs: 1152 - Found 0 features of type [CoordSys] in camera_rod-1
2020-07-25 23:38:24,532 INFO  ExportHelperExtension.cs: 1131 - Retrieving features of type [CoordSys] from chassis_plat-3
2020-07-25 23:38:24,719 INFO  ExportHelperExtension.cs: 1142 - Found 24 in chassis_plat-3
2020-07-25 23:38:24,721 INFO  ExportHelperExtension.cs: 1152 - Found 0 features of type [CoordSys] in chassis_plat-3
2020-07-25 23:38:24,722 INFO  ExportHelperExtension.cs: 1131 - Retrieving features of type [CoordSys] from belt_left-1
2020-07-25 23:38:24,722 INFO  ExportHelperExtension.cs: 1142 - Found 44 in belt_left-1
2020-07-25 23:38:24,723 INFO  ExportHelperExtension.cs: 1152 - Found 0 features of type [CoordSys] in belt_left-1
2020-07-25 23:38:24,723 INFO  ExportHelperExtension.cs: 1131 - Retrieving features of type [CoordSys] from chassis_plat-1
2020-07-25 23:38:24,724 INFO  ExportHelperExtension.cs: 1142 - Found 24 in chassis_plat-1
2020-07-25 23:38:24,724 INFO  ExportHelperExtension.cs: 1152 - Found 0 features of type [CoordSys] in chassis_plat-1
2020-07-25 23:38:24,726 INFO  ExportHelperExtension.cs: 1131 - Retrieving features of type [CoordSys] from motor-2
2020-07-25 23:38:24,726 INFO  ExportHelperExtension.cs: 1142 - Found 26 in motor-2
2020-07-25 23:38:24,727 INFO  ExportHelperExtension.cs: 1152 - Found 0 features of type [CoordSys] in motor-2
2020-07-25 23:38:24,727 INFO  ExportHelperExtension.cs: 1131 - Retrieving features of type [CoordSys] from motor_support-1
2020-07-25 23:38:24,727 INFO  ExportHelperExtension.cs: 1142 - Found 44 in motor_support-1
2020-07-25 23:38:24,728 INFO  ExportHelperExtension.cs: 1152 - Found 0 features of type [CoordSys] in motor_support-1
2020-07-25 23:38:24,729 INFO  ExportHelperExtension.cs: 1131 - Retrieving features of type [RefAxis] from full bot.SLDASM
2020-07-25 23:38:24,730 INFO  ExportHelperExtension.cs: 1142 - Found 65 in full bot.SLDASM
2020-07-25 23:38:24,732 INFO  ExportHelperExtension.cs: 1152 - Found 0 features of type [RefAxis] in full bot.SLDASM
2020-07-25 23:38:24,733 INFO  ExportHelperExtension.cs: 1155 - Proceeding through assembly components
2020-07-25 23:38:24,733 INFO  ExportHelperExtension.cs: 1167 - 12 components to check
2020-07-25 23:38:24,734 INFO  ExportHelperExtension.cs: 1131 - Retrieving features of type [RefAxis] from motor-1
2020-07-25 23:38:24,734 INFO  ExportHelperExtension.cs: 1142 - Found 26 in motor-1
2020-07-25 23:38:24,736 INFO  ExportHelperExtension.cs: 1152 - Found 0 features of type [RefAxis] in motor-1
2020-07-25 23:38:24,736 INFO  ExportHelperExtension.cs: 1131 - Retrieving features of type [RefAxis] from motor_support-2
2020-07-25 23:38:24,737 INFO  ExportHelperExtension.cs: 1142 - Found 44 in motor_support-2
2020-07-25 23:38:24,737 INFO  ExportHelperExtension.cs: 1152 - Found 0 features of type [RefAxis] in motor_support-2
2020-07-25 23:38:24,738 INFO  ExportHelperExtension.cs: 1131 - Retrieving features of type [RefAxis] from L clamp-1
2020-07-25 23:38:24,738 INFO  ExportHelperExtension.cs: 1142 - Found 39 in L clamp-1
2020-07-25 23:38:24,739 INFO  ExportHelperExtension.cs: 1152 - Found 0 features of type [RefAxis] in L clamp-1
2020-07-25 23:38:24,740 INFO  ExportHelperExtension.cs: 1131 - Retrieving features of type [RefAxis] from chassis_plat-2
2020-07-25 23:38:24,740 INFO  ExportHelperExtension.cs: 1142 - Found 24 in chassis_plat-2
2020-07-25 23:38:24,741 INFO  ExportHelperExtension.cs: 1152 - Found 0 features of type [RefAxis] in chassis_plat-2
2020-07-25 23:38:24,741 INFO  ExportHelperExtension.cs: 1131 - Retrieving features of type [RefAxis] from camera_staff-1
2020-07-25 23:38:24,743 INFO  ExportHelperExtension.cs: 1142 - Found 30 in camera_staff-1
2020-07-25 23:38:24,743 INFO  ExportHelperExtension.cs: 1152 - Found 0 features of type [RefAxis] in camera_staff-1
2020-07-25 23:38:24,744 INFO  ExportHelperExtension.cs: 1131 - Retrieving features of type [RefAxis] from belt_left-2
2020-07-25 23:38:24,744 INFO  ExportHelperExtension.cs: 1142 - Found 44 in belt_left-2
2020-07-25 23:38:24,745 INFO  ExportHelperExtension.cs: 1152 - Found 0 features of type [RefAxis] in belt_left-2
2020-07-25 23:38:24,745 INFO  ExportHelperExtension.cs: 1131 - Retrieving features of type [RefAxis] from camera_rod-1
2020-07-25 23:38:24,746 INFO  ExportHelperExtension.cs: 1142 - Found 30 in camera_rod-1
2020-07-25 23:38:24,746 INFO  ExportHelperExtension.cs: 1152 - Found 0 features of type [RefAxis] in camera_rod-1
2020-07-25 23:38:24,747 INFO  ExportHelperExtension.cs: 1131 - Retrieving features of type [RefAxis] from chassis_plat-3
2020-07-25 23:38:24,747 INFO  ExportHelperExtension.cs: 1142 - Found 24 in chassis_plat-3
2020-07-25 23:38:24,748 INFO  ExportHelperExtension.cs: 1152 - Found 0 features of type [RefAxis] in chassis_plat-3
2020-07-25 23:38:24,748 INFO  ExportHelperExtension.cs: 1131 - Retrieving features of type [RefAxis] from belt_left-1
2020-07-25 23:38:24,749 INFO  ExportHelperExtension.cs: 1142 - Found 44 in belt_left-1
2020-07-25 23:38:24,750 INFO  ExportHelperExtension.cs: 1152 - Found 0 features of type [RefAxis] in belt_left-1
2020-07-25 23:38:24,750 INFO  ExportHelperExtension.cs: 1131 - Retrieving features of type [RefAxis] from chassis_plat-1
2020-07-25 23:38:24,751 INFO  ExportHelperExtension.cs: 1142 - Found 24 in chassis_plat-1
2020-07-25 23:38:24,751 INFO  ExportHelperExtension.cs: 1152 - Found 0 features of type [RefAxis] in chassis_plat-1
2020-07-25 23:38:24,752 INFO  ExportHelperExtension.cs: 1131 - Retrieving features of type [RefAxis] from motor-2
2020-07-25 23:38:24,753 INFO  ExportHelperExtension.cs: 1142 - Found 26 in motor-2
2020-07-25 23:38:24,754 INFO  ExportHelperExtension.cs: 1152 - Found 0 features of type [RefAxis] in motor-2
2020-07-25 23:38:24,754 INFO  ExportHelperExtension.cs: 1131 - Retrieving features of type [RefAxis] from motor_support-1
2020-07-25 23:38:24,755 INFO  ExportHelperExtension.cs: 1142 - Found 44 in motor_support-1
2020-07-25 23:38:24,756 INFO  ExportHelperExtension.cs: 1152 - Found 0 features of type [RefAxis] in motor_support-1
2020-07-25 23:38:24,801 INFO  SwAddin.cs: 316 - Loading config tree
2020-07-25 23:38:24,803 INFO  ExportPropertyManagerExtension.cs: 597 - Starting new configuration
2020-07-25 23:38:24,806 INFO  SwAddin.cs: 321 - Showing property manager
2020-07-25 23:39:32,633 INFO  ExportPropertyManager.cs: 1178 - OnNumberBoxTrackingCompleted called. This method no longer throws an Exception. It just silently does nothing. Ok, except for this logging message
2020-07-25 23:39:33,231 INFO  ExportPropertyManager.cs: 1178 - OnNumberBoxTrackingCompleted called. This method no longer throws an Exception. It just silently does nothing. Ok, except for this logging message
2020-07-25 23:40:48,308 INFO  ExportPropertyManager.cs: 456 - Configuration saved
2020-07-25 23:41:17,513 INFO  ExportHelperExtension.cs: 338 - Creating joint Left
2020-07-25 23:41:17,522 INFO  ExportHelperExtension.cs: 1409 - Fixing components for base_link
2020-07-25 23:41:17,525 INFO  ExportHelperExtension.cs: 1414 - Fixing 103
2020-07-25 23:41:17,526 INFO  ExportHelperExtension.cs: 1414 - Fixing 25
2020-07-25 23:41:17,526 INFO  ExportHelperExtension.cs: 1414 - Fixing 151
2020-07-25 23:41:17,527 INFO  ExportHelperExtension.cs: 1414 - Fixing 23
2020-07-25 23:41:17,527 INFO  ExportHelperExtension.cs: 1414 - Fixing 24
2020-07-25 23:41:17,528 INFO  ExportHelperExtension.cs: 1414 - Fixing 25
2020-07-25 23:41:17,528 INFO  ExportHelperExtension.cs: 1422 - Component 25 is already fixed
2020-07-25 23:41:17,528 INFO  ExportHelperExtension.cs: 1414 - Fixing 92
2020-07-25 23:41:17,529 INFO  ExportHelperExtension.cs: 1414 - Fixing 23
2020-07-25 23:41:17,529 INFO  ExportHelperExtension.cs: 1414 - Fixing 24
2020-07-25 23:41:17,530 INFO  ExportHelperExtension.cs: 1414 - Fixing 271
2020-07-25 23:41:17,530 INFO  ExportHelperExtension.cs: 1414 - Fixing 23
2020-07-25 23:41:17,530 INFO  ExportHelperExtension.cs: 1414 - Fixing 96
2020-07-25 23:41:17,531 INFO  ExportHelperExtension.cs: 1414 - Fixing 271
2020-07-25 23:41:17,532 INFO  ExportHelperExtension.cs: 1414 - Fixing 43
2020-07-25 23:41:17,532 INFO  ExportHelperExtension.cs: 1414 - Fixing 50
2020-07-25 23:41:18,153 INFO  ExportHelperExtension.cs: 835 - R1: 0, 0
2020-07-25 23:41:18,153 INFO  ExportHelperExtension.cs: 844 - R2: 0, 0
2020-07-25 23:41:18,154 INFO  ExportHelperExtension.cs: 852 - L1: 0
2020-07-25 23:41:18,154 INFO  ExportHelperExtension.cs: 860 - L2: 0
2020-07-25 23:41:18,322 INFO  ExportHelperExtension.cs: 1364 - Unfixing component 103
2020-07-25 23:41:18,324 INFO  ExportHelperExtension.cs: 1364 - Unfixing component 25
2020-07-25 23:41:18,324 INFO  ExportHelperExtension.cs: 1364 - Unfixing component 151
2020-07-25 23:41:18,324 INFO  ExportHelperExtension.cs: 1364 - Unfixing component 23
2020-07-25 23:41:18,325 INFO  ExportHelperExtension.cs: 1364 - Unfixing component 24
2020-07-25 23:41:18,325 INFO  ExportHelperExtension.cs: 1364 - Unfixing component 92
2020-07-25 23:41:18,326 INFO  ExportHelperExtension.cs: 1364 - Unfixing component 23
2020-07-25 23:41:18,326 INFO  ExportHelperExtension.cs: 1364 - Unfixing component 24
2020-07-25 23:41:18,326 INFO  ExportHelperExtension.cs: 1364 - Unfixing component 271
2020-07-25 23:41:18,327 INFO  ExportHelperExtension.cs: 1364 - Unfixing component 23
2020-07-25 23:41:18,327 INFO  ExportHelperExtension.cs: 1364 - Unfixing component 96
2020-07-25 23:41:18,327 INFO  ExportHelperExtension.cs: 1364 - Unfixing component 271
2020-07-25 23:41:18,328 INFO  ExportHelperExtension.cs: 1364 - Unfixing component 43
2020-07-25 23:41:18,328 INFO  ExportHelperExtension.cs: 1364 - Unfixing component 50
2020-07-25 23:41:21,106 WARN  ExportHelperExtension.cs: 342 - Creating joint from parent base_link to child Left failed
2020-07-25 23:41:21,196 INFO  ExportHelperExtension.cs: 338 - Creating joint Right
2020-07-25 23:41:21,197 INFO  ExportHelperExtension.cs: 1409 - Fixing components for base_link
2020-07-25 23:41:21,197 INFO  ExportHelperExtension.cs: 1414 - Fixing 103
2020-07-25 23:41:21,198 INFO  ExportHelperExtension.cs: 1414 - Fixing 25
2020-07-25 23:41:21,198 INFO  ExportHelperExtension.cs: 1414 - Fixing 151
2020-07-25 23:41:21,198 INFO  ExportHelperExtension.cs: 1414 - Fixing 23
2020-07-25 23:41:21,199 INFO  ExportHelperExtension.cs: 1414 - Fixing 24
2020-07-25 23:41:21,199 INFO  ExportHelperExtension.cs: 1414 - Fixing 25
2020-07-25 23:41:21,199 INFO  ExportHelperExtension.cs: 1422 - Component 25 is already fixed
2020-07-25 23:41:21,200 INFO  ExportHelperExtension.cs: 1414 - Fixing 92
2020-07-25 23:41:21,200 INFO  ExportHelperExtension.cs: 1414 - Fixing 23
2020-07-25 23:41:21,200 INFO  ExportHelperExtension.cs: 1414 - Fixing 24
2020-07-25 23:41:21,200 INFO  ExportHelperExtension.cs: 1414 - Fixing 271
2020-07-25 23:41:21,201 INFO  ExportHelperExtension.cs: 1414 - Fixing 23
2020-07-25 23:41:21,201 INFO  ExportHelperExtension.cs: 1414 - Fixing 96
2020-07-25 23:41:21,201 INFO  ExportHelperExtension.cs: 1414 - Fixing 271
2020-07-25 23:41:21,202 INFO  ExportHelperExtension.cs: 1414 - Fixing 43
2020-07-25 23:41:21,202 INFO  ExportHelperExtension.cs: 1414 - Fixing 50
2020-07-25 23:41:21,797 INFO  ExportHelperExtension.cs: 835 - R1: 0, 0
2020-07-25 23:41:21,799 INFO  ExportHelperExtension.cs: 844 - R2: 0, 0
2020-07-25 23:41:21,799 INFO  ExportHelperExtension.cs: 852 - L1: 0
2020-07-25 23:41:21,799 INFO  ExportHelperExtension.cs: 860 - L2: 0
2020-07-25 23:41:21,799 INFO  ExportHelperExtension.cs: 1364 - Unfixing component 103
2020-07-25 23:41:21,800 INFO  ExportHelperExtension.cs: 1364 - Unfixing component 25
2020-07-25 23:41:21,800 INFO  ExportHelperExtension.cs: 1364 - Unfixing component 151
2020-07-25 23:41:21,800 INFO  ExportHelperExtension.cs: 1364 - Unfixing component 23
2020-07-25 23:41:21,801 INFO  ExportHelperExtension.cs: 1364 - Unfixing component 24
2020-07-25 23:41:21,801 INFO  ExportHelperExtension.cs: 1364 - Unfixing component 92
2020-07-25 23:41:21,801 INFO  ExportHelperExtension.cs: 1364 - Unfixing component 23
2020-07-25 23:41:21,802 INFO  ExportHelperExtension.cs: 1364 - Unfixing component 24
2020-07-25 23:41:21,802 INFO  ExportHelperExtension.cs: 1364 - Unfixing component 271
2020-07-25 23:41:21,802 INFO  ExportHelperExtension.cs: 1364 - Unfixing component 23
2020-07-25 23:41:21,803 INFO  ExportHelperExtension.cs: 1364 - Unfixing component 96
2020-07-25 23:41:21,803 INFO  ExportHelperExtension.cs: 1364 - Unfixing component 271
2020-07-25 23:41:21,803 INFO  ExportHelperExtension.cs: 1364 - Unfixing component 43
2020-07-25 23:41:21,804 INFO  ExportHelperExtension.cs: 1364 - Unfixing component 50
2020-07-25 23:41:24,422 WARN  ExportHelperExtension.cs: 342 - Creating joint from parent base_link to child Right failed
2020-07-25 23:41:24,698 INFO  ExportHelperExtension.cs: 1131 - Retrieving features of type [CoordSys] from full bot.SLDASM
2020-07-25 23:41:24,704 INFO  ExportHelperExtension.cs: 1142 - Found 70 in full bot.SLDASM
2020-07-25 23:41:24,705 INFO  ExportHelperExtension.cs: 1152 - Found 3 features of type [CoordSys] in full bot.SLDASM
2020-07-25 23:41:24,705 INFO  ExportHelperExtension.cs: 1155 - Proceeding through assembly components
2020-07-25 23:41:24,705 INFO  ExportHelperExtension.cs: 1167 - 12 components to check
2020-07-25 23:41:24,706 INFO  ExportHelperExtension.cs: 1131 - Retrieving features of type [CoordSys] from motor-1
2020-07-25 23:41:24,706 INFO  ExportHelperExtension.cs: 1142 - Found 26 in motor-1
2020-07-25 23:41:24,707 INFO  ExportHelperExtension.cs: 1152 - Found 0 features of type [CoordSys] in motor-1
2020-07-25 23:41:24,707 INFO  ExportHelperExtension.cs: 1131 - Retrieving features of type [CoordSys] from motor_support-2
2020-07-25 23:41:24,708 INFO  ExportHelperExtension.cs: 1142 - Found 44 in motor_support-2
2020-07-25 23:41:24,709 INFO  ExportHelperExtension.cs: 1152 - Found 0 features of type [CoordSys] in motor_support-2
2020-07-25 23:41:24,709 INFO  ExportHelperExtension.cs: 1131 - Retrieving features of type [CoordSys] from L clamp-1
2020-07-25 23:41:25,076 INFO  ExportHelperExtension.cs: 1142 - Found 39 in L clamp-1
2020-07-25 23:41:25,077 INFO  ExportHelperExtension.cs: 1152 - Found 0 features of type [CoordSys] in L clamp-1
2020-07-25 23:41:25,078 INFO  ExportHelperExtension.cs: 1131 - Retrieving features of type [CoordSys] from chassis_plat-2
2020-07-25 23:41:25,078 INFO  ExportHelperExtension.cs: 1142 - Found 24 in chassis_plat-2
2020-07-25 23:41:25,079 INFO  ExportHelperExtension.cs: 1152 - Found 0 features of type [CoordSys] in chassis_plat-2
2020-07-25 23:41:25,079 INFO  ExportHelperExtension.cs: 1131 - Retrieving features of type [CoordSys] from camera_staff-1
2020-07-25 23:41:25,080 INFO  ExportHelperExtension.cs: 1142 - Found 30 in camera_staff-1
2020-07-25 23:41:25,080 INFO  ExportHelperExtension.cs: 1152 - Found 0 features of type [CoordSys] in camera_staff-1
2020-07-25 23:41:25,081 INFO  ExportHelperExtension.cs: 1131 - Retrieving features of type [CoordSys] from belt_left-2
2020-07-25 23:41:25,081 INFO  ExportHelperExtension.cs: 1142 - Found 44 in belt_left-2
2020-07-25 23:41:25,082 INFO  ExportHelperExtension.cs: 1152 - Found 0 features of type [CoordSys] in belt_left-2
2020-07-25 23:41:25,082 INFO  ExportHelperExtension.cs: 1131 - Retrieving features of type [CoordSys] from camera_rod-1
2020-07-25 23:41:25,083 INFO  ExportHelperExtension.cs: 1142 - Found 30 in camera_rod-1
2020-07-25 23:41:25,084 INFO  ExportHelperExtension.cs: 1152 - Found 0 features of type [CoordSys] in camera_rod-1
2020-07-25 23:41:25,084 INFO  ExportHelperExtension.cs: 1131 - Retrieving features of type [CoordSys] from chassis_plat-3
2020-07-25 23:41:25,084 INFO  ExportHelperExtension.cs: 1142 - Found 24 in chassis_plat-3
2020-07-25 23:41:25,085 INFO  ExportHelperExtension.cs: 1152 - Found 0 features of type [CoordSys] in chassis_plat-3
2020-07-25 23:41:25,085 INFO  ExportHelperExtension.cs: 1131 - Retrieving features of type [CoordSys] from belt_left-1
2020-07-25 23:41:25,086 INFO  ExportHelperExtension.cs: 1142 - Found 44 in belt_left-1
2020-07-25 23:41:25,086 INFO  ExportHelperExtension.cs: 1152 - Found 0 features of type [CoordSys] in belt_left-1
2020-07-25 23:41:25,087 INFO  ExportHelperExtension.cs: 1131 - Retrieving features of type [CoordSys] from chassis_plat-1
2020-07-25 23:41:25,087 INFO  ExportHelperExtension.cs: 1142 - Found 24 in chassis_plat-1
2020-07-25 23:41:25,087 INFO  ExportHelperExtension.cs: 1152 - Found 0 features of type [CoordSys] in chassis_plat-1
2020-07-25 23:41:25,088 INFO  ExportHelperExtension.cs: 1131 - Retrieving features of type [CoordSys] from motor-2
2020-07-25 23:41:25,088 INFO  ExportHelperExtension.cs: 1142 - Found 26 in motor-2
2020-07-25 23:41:25,089 INFO  ExportHelperExtension.cs: 1152 - Found 0 features of type [CoordSys] in motor-2
2020-07-25 23:41:25,089 INFO  ExportHelperExtension.cs: 1131 - Retrieving features of type [CoordSys] from motor_support-1
2020-07-25 23:41:25,090 INFO  ExportHelperExtension.cs: 1142 - Found 44 in motor_support-1
2020-07-25 23:41:25,090 INFO  ExportHelperExtension.cs: 1152 - Found 0 features of type [CoordSys] in motor_support-1
2020-07-25 23:41:25,094 INFO  ExportHelperExtension.cs: 1131 - Retrieving features of type [RefAxis] from full bot.SLDASM
2020-07-25 23:41:25,095 INFO  ExportHelperExtension.cs: 1142 - Found 70 in full bot.SLDASM
2020-07-25 23:41:25,096 INFO  ExportHelperExtension.cs: 1152 - Found 0 features of type [RefAxis] in full bot.SLDASM
2020-07-25 23:41:25,096 INFO  ExportHelperExtension.cs: 1155 - Proceeding through assembly components
2020-07-25 23:41:25,097 INFO  ExportHelperExtension.cs: 1167 - 12 components to check
2020-07-25 23:41:25,097 INFO  ExportHelperExtension.cs: 1131 - Retrieving features of type [RefAxis] from motor-1
2020-07-25 23:41:25,097 INFO  ExportHelperExtension.cs: 1142 - Found 26 in motor-1
2020-07-25 23:41:25,098 INFO  ExportHelperExtension.cs: 1152 - Found 0 features of type [RefAxis] in motor-1
2020-07-25 23:41:25,098 INFO  ExportHelperExtension.cs: 1131 - Retrieving features of type [RefAxis] from motor_support-2
2020-07-25 23:41:25,099 INFO  ExportHelperExtension.cs: 1142 - Found 44 in motor_support-2
2020-07-25 23:41:25,099 INFO  ExportHelperExtension.cs: 1152 - Found 0 features of type [RefAxis] in motor_support-2
2020-07-25 23:41:25,100 INFO  ExportHelperExtension.cs: 1131 - Retrieving features of type [RefAxis] from L clamp-1
2020-07-25 23:41:25,100 INFO  ExportHelperExtension.cs: 1142 - Found 39 in L clamp-1
2020-07-25 23:41:25,101 INFO  ExportHelperExtension.cs: 1152 - Found 0 features of type [RefAxis] in L clamp-1
2020-07-25 23:41:25,101 INFO  ExportHelperExtension.cs: 1131 - Retrieving features of type [RefAxis] from chassis_plat-2
2020-07-25 23:41:25,102 INFO  ExportHelperExtension.cs: 1142 - Found 24 in chassis_plat-2
2020-07-25 23:41:25,102 INFO  ExportHelperExtension.cs: 1152 - Found 0 features of type [RefAxis] in chassis_plat-2
2020-07-25 23:41:25,102 INFO  ExportHelperExtension.cs: 1131 - Retrieving features of type [RefAxis] from camera_staff-1
2020-07-25 23:41:25,103 INFO  ExportHelperExtension.cs: 1142 - Found 30 in camera_staff-1
2020-07-25 23:41:25,103 INFO  ExportHelperExtension.cs: 1152 - Found 0 features of type [RefAxis] in camera_staff-1
2020-07-25 23:41:25,104 INFO  ExportHelperExtension.cs: 1131 - Retrieving features of type [RefAxis] from belt_left-2
2020-07-25 23:41:25,104 INFO  ExportHelperExtension.cs: 1142 - Found 44 in belt_left-2
2020-07-25 23:41:25,105 INFO  ExportHelperExtension.cs: 1152 - Found 0 features of type [RefAxis] in belt_left-2
2020-07-25 23:41:25,105 INFO  ExportHelperExtension.cs: 1131 - Retrieving features of type [RefAxis] from camera_rod-1
2020-07-25 23:41:25,105 INFO  ExportHelperExtension.cs: 1142 - Found 30 in camera_rod-1
2020-07-25 23:41:25,106 INFO  ExportHelperExtension.cs: 1152 - Found 0 features of type [RefAxis] in camera_rod-1
2020-07-25 23:41:25,106 INFO  ExportHelperExtension.cs: 1131 - Retrieving features of type [RefAxis] from chassis_plat-3
2020-07-25 23:41:25,107 INFO  ExportHelperExtension.cs: 1142 - Found 24 in chassis_plat-3
2020-07-25 23:41:25,107 INFO  ExportHelperExtension.cs: 1152 - Found 0 features of type [RefAxis] in chassis_plat-3
2020-07-25 23:41:25,108 INFO  ExportHelperExtension.cs: 1131 - Retrieving features of type [RefAxis] from belt_left-1
2020-07-25 23:41:25,109 INFO  ExportHelperExtension.cs: 1142 - Found 44 in belt_left-1
2020-07-25 23:41:25,110 INFO  ExportHelperExtension.cs: 1152 - Found 0 features of type [RefAxis] in belt_left-1
2020-07-25 23:41:25,110 INFO  ExportHelperExtension.cs: 1131 - Retrieving features of type [RefAxis] from chassis_plat-1
2020-07-25 23:41:25,111 INFO  ExportHelperExtension.cs: 1142 - Found 24 in chassis_plat-1
2020-07-25 23:41:25,111 INFO  ExportHelperExtension.cs: 1152 - Found 0 features of type [RefAxis] in chassis_plat-1
2020-07-25 23:41:25,112 INFO  ExportHelperExtension.cs: 1131 - Retrieving features of type [RefAxis] from motor-2
2020-07-25 23:41:25,112 INFO  ExportHelperExtension.cs: 1142 - Found 26 in motor-2
2020-07-25 23:41:25,113 INFO  ExportHelperExtension.cs: 1152 - Found 0 features of type [RefAxis] in motor-2
2020-07-25 23:41:25,113 INFO  ExportHelperExtension.cs: 1131 - Retrieving features of type [RefAxis] from motor_support-1
2020-07-25 23:41:25,113 INFO  ExportHelperExtension.cs: 1142 - Found 44 in motor_support-1
2020-07-25 23:41:25,114 INFO  ExportHelperExtension.cs: 1152 - Found 0 features of type [RefAxis] in motor_support-1
2020-07-25 23:41:25,249 INFO  ExportPropertyManager.cs: 1184 - AfterClose called. This method no longer throws an Exception. It just silently does nothing. Ok, except for this logging message
2020-07-25 23:41:35,843 INFO  AssemblyExportForm.cs: 254 - Completing URDF export
2020-07-25 23:41:35,873 INFO  Serialization.cs: 275 - URDF Configuration found
<Link z:Id="i1" xmlns="http://schemas.datacontract.org/2004/07/SW2URDF" xmlns:i="http://www.w3.org/2001/XMLSchema-instance" xmlns:z="http://schemas.microsoft.com/2003/10/Serialization/"><Attributes><Attribute z:Id="i2"><AttributeType>name</AttributeType><IsRequired>true</IsRequired><Value i:type="a:string" xmlns:a="http://www.w3.org/2001/XMLSchema">base_link</Value></Attribute></Attributes><ChildElements><URDFElement z:Id="i3" i:type="Inertial"><Attributes/><ChildElements><URDFElement z:Id="i4" i:type="Origin"><Attributes><Attribute z:Id="i5"><AttributeType>xyz</AttributeType><IsRequired>true</IsRequired><Value i:type="a:ArrayOfdouble" xmlns:a="http://schemas.microsoft.com/2003/10/Serialization/Arrays"><a:double>0</a:double><a:double>0</a:double><a:double>0</a:double></Value></Attribute><Attribute z:Id="i6"><AttributeType>rpy</AttributeType><IsRequired>true</IsRequired><Value i:type="a:ArrayOfdouble" xmlns:a="http://schemas.microsoft.com/2003/10/Serialization/Arrays"><a:double>0</a:double><a:double>0</a:double><a:double>0</a:double></Value></Attribute></Attributes><ChildElements/><ElementName>origin</ElementName><required>false</required><RPYAttribute z:Ref="i6"/><XYZAttribute z:Ref="i5"/><isCustomized>false</isCustomized></URDFElement><URDFElement z:Id="i7" i:type="Mass"><Attributes><Attribute z:Id="i8"><AttributeType>value</AttributeType><IsRequired>true</IsRequired><Value i:type="a:double" xmlns:a="http://www.w3.org/2001/XMLSchema">0</Value></Attribute></Attributes><ChildElements/><ElementName>mass</ElementName><required>false</required><ValueAttribute z:Ref="i8"/></URDFElement><URDFElement z:Id="i9" i:type="Inertia"><Attributes><Attribute z:Id="i10"><AttributeType>ixx</AttributeType><IsRequired>true</IsRequired><Value i:type="a:double" xmlns:a="http://www.w3.org/2001/XMLSchema">0</Value></Attribute><Attribute z:Id="i11"><AttributeType>ixy</AttributeType><IsRequired>true</IsRequired><Value i:type="a:double" xmlns:a="http://www.w3.org/2001/XMLSchema">0</Value></Attribute><Attribute z:Id="i12"><AttributeType>ixz</AttributeType><IsRequired>true</IsRequired><Value i:type="a:double" xmlns:a="http://www.w3.org/2001/XMLSchema">0</Value></Attribute><Attribute z:Id="i13"><AttributeType>iyy</AttributeType><IsRequired>true</IsRequired><Value i:type="a:double" xmlns:a="http://www.w3.org/2001/XMLSchema">0</Value></Attribute><Attribute z:Id="i14"><AttributeType>iyz</AttributeType><IsRequired>true</IsRequired><Value i:type="a:double" xmlns:a="http://www.w3.org/2001/XMLSchema">0</Value></Attribute><Attribute z:Id="i15"><AttributeType>izz</AttributeType><IsRequired>true</IsRequired><Value i:type="a:double" xmlns:a="http://www.w3.org/2001/XMLSchema">0</Value></Attribute></Attributes><ChildElements/><ElementName>inertia</ElementName><required>false</required><IxxAttribute z:Ref="i10"/><IxyAttribute z:Ref="i11"/><IxzAttribute z:Ref="i12"/><IyyAttribute z:Ref="i13"/><IyzAttribute z:Ref="i14"/><IzzAttribute z:Ref="i15"/></URDFElement></ChildElements><ElementName>inertial</ElementName><required>false</required><Inertia z:Ref="i9"/><Mass z:Ref="i7"/><Origin z:Ref="i4"/></URDFElement><URDFElement z:Id="i16" i:type="Visual"><Attributes/><ChildElements><URDFElement z:Id="i17" i:type="Origin"><Attributes><Attribute z:Id="i18"><AttributeType>xyz</AttributeType><IsRequired>true</IsRequired><Value i:type="a:ArrayOfdouble" xmlns:a="http://schemas.microsoft.com/2003/10/Serialization/Arrays"><a:double>0</a:double><a:double>0</a:double><a:double>0</a:double></Value></Attribute><Attribute z:Id="i19"><AttributeType>rpy</AttributeType><IsRequired>true</IsRequired><Value i:type="a:ArrayOfdouble" xmlns:a="http://schemas.microsoft.com/2003/10/Serialization/Arrays"><a:double>0</a:double><a:double>0</a:double><a:double>0</a:double></Value></Attribute></Attributes><ChildElements/><ElementName>origin</ElementName><required>false</required><RPYAttribute z:Ref="i19"/><XYZAttribute z:Ref="i18"/><isCustomized>false</isCustomized></URDFElement><URDFElement z:Id="i20" i:type="Geometry"><Attributes/><ChildElements><URDFElement z:Id="i21" i:type="Mesh"><Attributes><Attribute z:Id="i22"><AttributeType>filename</AttributeType><IsRequired>true</IsRequired><Value i:nil="true"/></Attribute></Attributes><ChildElements/><ElementName>mesh</ElementName><required>false</required><FilenameAttribute z:Ref="i22"/></URDFElement></ChildElements><ElementName>geometry</ElementName><required>true</required><Mesh z:Ref="i21"/></URDFElement><URDFElement z:Id="i23" i:type="Material"><Attributes><Attribute z:Id="i24"><AttributeType>name</AttributeType><IsRequired>true</IsRequired><Value i:type="a:string" xmlns:a="http://www.w3.org/2001/XMLSchema"/></Attribute></Attributes><ChildElements><URDFElement z:Id="i25" i:type="Color"><Attributes><Attribute z:Id="i26"><AttributeType>rgba</AttributeType><IsRequired>true</IsRequired><Value i:type="a:ArrayOfdouble" xmlns:a="http://schemas.microsoft.com/2003/10/Serialization/Arrays"><a:double>1</a:double><a:double>1</a:double><a:double>1</a:double><a:double>1</a:double></Value></Attribute></Attributes><ChildElements/><ElementName>color</ElementName><required>false</required><RGBAAttribute z:Ref="i26"/></URDFElement><URDFElement z:Id="i27" i:type="Texture"><Attributes><Attribute z:Id="i28"><AttributeType>filename</AttributeType><IsRequired>true</IsRequired><Value i:nil="true"/></Attribute></Attributes><ChildElements/><ElementName>texture</ElementName><required>false</required><FilenameAttribute z:Ref="i28"/><wFilename/></URDFElement></ChildElements><ElementName>material</ElementName><required>false</required><Color z:Ref="i25"/><NameAttribute z:Ref="i24"/><Texture z:Ref="i27"/></URDFElement></ChildElements><ElementName>visual</ElementName><required>false</required><Geometry z:Ref="i20"/><Material z:Ref="i23"/><Origin z:Ref="i17"/></URDFElement><URDFElement z:Id="i29" i:type="Collision"><Attributes/><ChildElements><URDFElement z:Id="i30" i:type="Origin"><Attributes><Attribute z:Id="i31"><AttributeType>xyz</AttributeType><IsRequired>true</IsRequired><Value i:type="a:ArrayOfdouble" xmlns:a="http://schemas.microsoft.com/2003/10/Serialization/Arrays"><a:double>0</a:double><a:double>0</a:double><a:double>0</a:double></Value></Attribute><Attribute z:Id="i32"><AttributeType>rpy</AttributeType><IsRequired>true</IsRequired><Value i:type="a:ArrayOfdouble" xmlns:a="http://schemas.microsoft.com/2003/10/Serialization/Arrays"><a:double>0</a:double><a:double>0</a:double><a:double>0</a:double></Value></Attribute></Attributes><ChildElements/><ElementName>origin</ElementName><required>false</required><RPYAttribute z:Ref="i32"/><XYZAttribute z:Ref="i31"/><isCustomized>false</isCustomized></URDFElement><URDFElement z:Id="i33" i:type="Geometry"><Attributes/><ChildElements><URDFElement z:Id="i34" i:type="Mesh"><Attributes><Attribute z:Id="i35"><AttributeType>filename</AttributeType><IsRequired>true</IsRequired><Value i:nil="true"/></Attribute></Attributes><ChildElements/><ElementName>mesh</ElementName><required>false</required><FilenameAttribute z:Ref="i35"/></URDFElement></ChildElements><ElementName>geometry</ElementName><required>true</required><Mesh z:Ref="i34"/></URDFElement></ChildElements><ElementName>collision</ElementName><required>false</required><Geometry z:Ref="i33"/><Origin z:Ref="i30"/></URDFElement><URDFElement z:Id="i36" i:type="Joint"><Attributes><Attribute z:Id="i37"><AttributeType>name</AttributeType><IsRequired>true</IsRequired><Value i:type="a:string" xmlns:a="http://www.w3.org/2001/XMLSchema"/></Attribute><Attribute z:Id="i38"><AttributeType>type</AttributeType><IsRequired>true</IsRequired><Value i:type="a:string" xmlns:a="http://www.w3.org/2001/XMLSchema"/></Attribute></Attributes><ChildElements><URDFElement z:Id="i39" i:type="Origin"><Attributes><Attribute z:Id="i40"><AttributeType>xyz</AttributeType><IsRequired>true</IsRequired><Value i:type="a:ArrayOfdouble" xmlns:a="http://schemas.microsoft.com/2003/10/Serialization/Arrays"><a:double>0</a:double><a:double>0</a:double><a:double>0</a:double></Value></Attribute><Attribute z:Id="i41"><AttributeType>rpy</AttributeType><IsRequired>true</IsRequired><Value i:type="a:ArrayOfdouble" xmlns:a="http://schemas.microsoft.com/2003/10/Serialization/Arrays"><a:double>0</a:double><a:double>0</a:double><a:double>0</a:double></Value></Attribute></Attributes><ChildElements/><ElementName>origin</ElementName><required>false</required><RPYAttribute z:Ref="i41"/><XYZAttribute z:Ref="i40"/><isCustomized>false</isCustomized></URDFElement><URDFElement z:Id="i42" i:type="ParentLink"><Attributes><Attribute z:Id="i43"><AttributeType>link</AttributeType><IsRequired>true</IsRequired><Value i:type="a:string" xmlns:a="http://www.w3.org/2001/XMLSchema"/></Attribute></Attributes><ChildElements/><ElementName>parent</ElementName><required>true</required><NameAttribute z:Ref="i43"/></URDFElement><URDFElement z:Id="i44" i:type="ChildLink"><Attributes><Attribute z:Id="i45"><AttributeType>link</AttributeType><IsRequired>true</IsRequired><Value i:type="a:string" xmlns:a="http://www.w3.org/2001/XMLSchema"/></Attribute></Attributes><ChildElements/><ElementName>child</ElementName><required>true</required><NameAttribute z:Ref="i45"/></URDFElement><URDFElement z:Id="i46" i:type="Axis"><Attributes><Attribute z:Id="i47"><AttributeType>xyz</AttributeType><IsRequired>true</IsRequired><Value i:type="a:ArrayOfdouble" xmlns:a="http://schemas.microsoft.com/2003/10/Serialization/Arrays"><a:double>0</a:double><a:double>0</a:double><a:double>0</a:double></Value></Attribute></Attributes><ChildElements/><ElementName>axis</ElementName><required>false</required><XYZAttribute z:Ref="i47"/></URDFElement><URDFElement z:Id="i48" i:type="Limit"><Attributes><Attribute z:Id="i49"><AttributeType>lower</AttributeType><IsRequired>false</IsRequired><Value i:nil="true"/></Attribute><Attribute z:Id="i50"><AttributeType>upper</AttributeType><IsRequired>false</IsRequired><Value i:nil="true"/></Attribute><Attribute z:Id="i51"><AttributeType>effort</AttributeType><IsRequired>true</IsRequired><Value i:nil="true"/></Attribute><Attribute z:Id="i52"><AttributeType>velocity</AttributeType><IsRequired>true</IsRequired><Value i:nil="true"/></Attribute></Attributes><ChildElements/><ElementName>limit</ElementName><required>false</required><EffortAttribute z:Ref="i51"/><LowerAttribute z:Ref="i49"/><UpperAttribute z:Ref="i50"/><VelocityAttribute z:Ref="i52"/></URDFElement><URDFElement z:Id="i53" i:type="Calibration"><Attributes><Attribute z:Id="i54"><AttributeType>rising</AttributeType><IsRequired>false</IsRequired><Value i:nil="true"/></Attribute><Attribute z:Id="i55"><AttributeType>falling</AttributeType><IsRequired>false</IsRequired><Value i:nil="true"/></Attribute></Attributes><ChildElements/><ElementName>calibration</ElementName><required>false</required><FallingAttribute z:Ref="i55"/><RisingAttribute z:Ref="i54"/></URDFElement><URDFElement z:Id="i56" i:type="Dynamics"><Attributes><Attribute z:Id="i57"><AttributeType>damping</AttributeType><IsRequired>false</IsRequired><Value i:nil="true"/></Attribute><Attribute z:Id="i58"><AttributeType>friction</AttributeType><IsRequired>false</IsRequired><Value i:nil="true"/></Attribute></Attributes><ChildElements/><ElementName>dynamics</ElementName><required>false</required><DampingAttribute z:Ref="i57"/><FrictionAttribute z:Ref="i58"/></URDFElement><URDFElement z:Id="i59" i:type="SafetyController"><Attributes><Attribute z:Id="i60"><AttributeType>soft_upper</AttributeType><IsRequired>false</IsRequired><Value i:nil="true"/></Attribute><Attribute z:Id="i61"><AttributeType>soft_lower</AttributeType><IsRequired>false</IsRequired><Value i:nil="true"/></Attribute><Attribute z:Id="i62"><AttributeType>k_position</AttributeType><IsRequired>false</IsRequired><Value i:nil="true"/></Attribute><Attribute z:Id="i63"><AttributeType>k_velocity</AttributeType><IsRequired>true</IsRequired><Value i:nil="true"/></Attribute></Attributes><ChildElements/><ElementName>safety_controller</ElementName><required>false</required><KPositionAttribute z:Ref="i62"/><KVelocityAttribute z:Ref="i63"/><SoftLowerAttribute z:Ref="i61"/><SoftUpperAttribute z:Ref="i60"/></URDFElement><URDFElement z:Id="i64" i:type="Mimic"><Attributes><Attribute z:Id="i65"><AttributeType>joint</AttributeType><IsRequired>true</IsRequired><Value i:nil="true"/></Attribute><Attribute z:Id="i66"><AttributeType>multiplier</AttributeType><IsRequired>false</IsRequired><Value i:nil="true"/></Attribute><Attribute z:Id="i67"><AttributeType>offset</AttributeType><IsRequired>false</IsRequired><Value i:nil="true"/></Attribute></Attributes><ChildElements/><ElementName>mimic</ElementName><required>false</required><JointNameAttribute z:Ref="i65"/><MultiplierAttribute z:Ref="i66"/><OffsetAttribute z:Ref="i67"/></URDFElement></ChildElements><ElementName>joint</ElementName><required>false</required><Axis z:Ref="i46"/><AxisName/><Calibration z:Ref="i53"/><Child z:Ref="i44"/><CoordinateSystemName>Automatically Generate</CoordinateSystemName><Dynamics z:Ref="i56"/><Limit z:Ref="i48"/><Mimic z:Ref="i64"/><NameAttribute z:Ref="i37"/><Origin z:Ref="i39"/><Parent z:Ref="i42"/><Safety z:Ref="i59"/><TypeAttribute z:Ref="i38"/></URDFElement></ChildElements><ElementName>link</ElementName><required>true</required><Children><Link z:Id="i68"><Attributes><Attribute z:Id="i69"><AttributeType>name</AttributeType><IsRequired>true</IsRequired><Value i:type="a:string" xmlns:a="http://www.w3.org/2001/XMLSchema">Left</Value></Attribute></Attributes><ChildElements><URDFElement z:Id="i70" i:type="Inertial"><Attributes/><ChildElements><URDFElement z:Id="i71" i:type="Origin"><Attributes><Attribute z:Id="i72"><AttributeType>xyz</AttributeType><IsRequired>true</IsRequired><Value i:type="a:ArrayOfdouble" xmlns:a="http://schemas.microsoft.com/2003/10/Serialization/Arrays"><a:double>0</a:double><a:double>0</a:double><a:double>0</a:double></Value></Attribute><Attribute z:Id="i73"><AttributeType>rpy</AttributeType><IsRequired>true</IsRequired><Value i:type="a:ArrayOfdouble" xmlns:a="http://schemas.microsoft.com/2003/10/Serialization/Arrays"><a:double>0</a:double><a:double>0</a:double><a:double>0</a:double></Value></Attribute></Attributes><ChildElements/><ElementName>origin</ElementName><required>false</required><RPYAttribute z:Ref="i73"/><XYZAttribute z:Ref="i72"/><isCustomized>false</isCustomized></URDFElement><URDFElement z:Id="i74" i:type="Mass"><Attributes><Attribute z:Id="i75"><AttributeType>value</AttributeType><IsRequired>true</IsRequired><Value i:type="a:double" xmlns:a="http://www.w3.org/2001/XMLSchema">0</Value></Attribute></Attributes><ChildElements/><ElementName>mass</ElementName><required>false</required><ValueAttribute z:Ref="i75"/></URDFElement><URDFElement z:Id="i76" i:type="Inertia"><Attributes><Attribute z:Id="i77"><AttributeType>ixx</AttributeType><IsRequired>true</IsRequired><Value i:type="a:double" xmlns:a="http://www.w3.org/2001/XMLSchema">0</Value></Attribute><Attribute z:Id="i78"><AttributeType>ixy</AttributeType><IsRequired>true</IsRequired><Value i:type="a:double" xmlns:a="http://www.w3.org/2001/XMLSchema">0</Value></Attribute><Attribute z:Id="i79"><AttributeType>ixz</AttributeType><IsRequired>true</IsRequired><Value i:type="a:double" xmlns:a="http://www.w3.org/2001/XMLSchema">0</Value></Attribute><Attribute z:Id="i80"><AttributeType>iyy</AttributeType><IsRequired>true</IsRequired><Value i:type="a:double" xmlns:a="http://www.w3.org/2001/XMLSchema">0</Value></Attribute><Attribute z:Id="i81"><AttributeType>iyz</AttributeType><IsRequired>true</IsRequired><Value i:type="a:double" xmlns:a="http://www.w3.org/2001/XMLSchema">0</Value></Attribute><Attribute z:Id="i82"><AttributeType>izz</AttributeType><IsRequired>true</IsRequired><Value i:type="a:double" xmlns:a="http://www.w3.org/2001/XMLSchema">0</Value></Attribute></Attributes><ChildElements/><ElementName>inertia</ElementName><required>false</required><IxxAttribute z:Ref="i77"/><IxyAttribute z:Ref="i78"/><IxzAttribute z:Ref="i79"/><IyyAttribute z:Ref="i80"/><IyzAttribute z:Ref="i81"/><IzzAttribute z:Ref="i82"/></URDFElement></ChildElements><ElementName>inertial</ElementName><required>false</required><Inertia z:Ref="i76"/><Mass z:Ref="i74"/><Origin z:Ref="i71"/></URDFElement><URDFElement z:Id="i83" i:type="Visual"><Attributes/><ChildElements><URDFElement z:Id="i84" i:type="Origin"><Attributes><Attribute z:Id="i85"><AttributeType>xyz</AttributeType><IsRequired>true</IsRequired><Value i:type="a:ArrayOfdouble" xmlns:a="http://schemas.microsoft.com/2003/10/Serialization/Arrays"><a:double>0</a:double><a:double>0</a:double><a:double>0</a:double></Value></Attribute><Attribute z:Id="i86"><AttributeType>rpy</AttributeType><IsRequired>true</IsRequired><Value i:type="a:ArrayOfdouble" xmlns:a="http://schemas.microsoft.com/2003/10/Serialization/Arrays"><a:double>0</a:double><a:double>0</a:double><a:double>0</a:double></Value></Attribute></Attributes><ChildElements/><ElementName>origin</ElementName><required>false</required><RPYAttribute z:Ref="i86"/><XYZAttribute z:Ref="i85"/><isCustomized>false</isCustomized></URDFElement><URDFElement z:Id="i87" i:type="Geometry"><Attributes/><ChildElements><URDFElement z:Id="i88" i:type="Mesh"><Attributes><Attribute z:Id="i89"><AttributeType>filename</AttributeType><IsRequired>true</IsRequired><Value i:nil="true"/></Attribute></Attributes><ChildElements/><ElementName>mesh</ElementName><required>false</required><FilenameAttribute z:Ref="i89"/></URDFElement></ChildElements><ElementName>geometry</ElementName><required>true</required><Mesh z:Ref="i88"/></URDFElement><URDFElement z:Id="i90" i:type="Material"><Attributes><Attribute z:Id="i91"><AttributeType>name</AttributeType><IsRequired>true</IsRequired><Value i:type="a:string" xmlns:a="http://www.w3.org/2001/XMLSchema"/></Attribute></Attributes><ChildElements><URDFElement z:Id="i92" i:type="Color"><Attributes><Attribute z:Id="i93"><AttributeType>rgba</AttributeType><IsRequired>true</IsRequired><Value i:type="a:ArrayOfdouble" xmlns:a="http://schemas.microsoft.com/2003/10/Serialization/Arrays"><a:double>1</a:double><a:double>1</a:double><a:double>1</a:double><a:double>1</a:double></Value></Attribute></Attributes><ChildElements/><ElementName>color</ElementName><required>false</required><RGBAAttribute z:Ref="i93"/></URDFElement><URDFElement z:Id="i94" i:type="Texture"><Attributes><Attribute z:Id="i95"><AttributeType>filename</AttributeType><IsRequired>true</IsRequired><Value i:nil="true"/></Attribute></Attributes><ChildElements/><ElementName>texture</ElementName><required>false</required><FilenameAttribute z:Ref="i95"/><wFilename/></URDFElement></ChildElements><ElementName>material</ElementName><required>false</required><Color z:Ref="i92"/><NameAttribute z:Ref="i91"/><Texture z:Ref="i94"/></URDFElement></ChildElements><ElementName>visual</ElementName><required>false</required><Geometry z:Ref="i87"/><Material z:Ref="i90"/><Origin z:Ref="i84"/></URDFElement><URDFElement z:Id="i96" i:type="Collision"><Attributes/><ChildElements><URDFElement z:Id="i97" i:type="Origin"><Attributes><Attribute z:Id="i98"><AttributeType>xyz</AttributeType><IsRequired>true</IsRequired><Value i:type="a:ArrayOfdouble" xmlns:a="http://schemas.microsoft.com/2003/10/Serialization/Arrays"><a:double>0</a:double><a:double>0</a:double><a:double>0</a:double></Value></Attribute><Attribute z:Id="i99"><AttributeType>rpy</AttributeType><IsRequired>true</IsRequired><Value i:type="a:ArrayOfdouble" xmlns:a="http://schemas.microsoft.com/2003/10/Serialization/Arrays"><a:double>0</a:double><a:double>0</a:double><a:double>0</a:double></Value></Attribute></Attributes><ChildElements/><ElementName>origin</ElementName><required>false</required><RPYAttribute z:Ref="i99"/><XYZAttribute z:Ref="i98"/><isCustomized>false</isCustomized></URDFElement><URDFElement z:Id="i100" i:type="Geometry"><Attributes/><ChildElements><URDFElement z:Id="i101" i:type="Mesh"><Attributes><Attribute z:Id="i102"><AttributeType>filename</AttributeType><IsRequired>true</IsRequired><Value i:nil="true"/></Attribute></Attributes><ChildElements/><ElementName>mesh</ElementName><required>false</required><FilenameAttribute z:Ref="i102"/></URDFElement></ChildElements><ElementName>geometry</ElementName><required>true</required><Mesh z:Ref="i101"/></URDFElement></ChildElements><ElementName>collision</ElementName><required>false</required><Geometry z:Ref="i100"/><Origin z:Ref="i97"/></URDFElement><URDFElement z:Id="i103" i:type="Joint"><Attributes><Attribute z:Id="i104"><AttributeType>name</AttributeType><IsRequired>true</IsRequired><Value i:type="a:string" xmlns:a="http://www.w3.org/2001/XMLSchema">L-joint</Value></Attribute><Attribute z:Id="i105"><AttributeType>type</AttributeType><IsRequired>true</IsRequired><Value i:type="a:string" xmlns:a="http://www.w3.org/2001/XMLSchema">Automatically Detect</Value></Attribute></Attributes><ChildElements><URDFElement z:Id="i106" i:type="Origin"><Attributes><Attribute z:Id="i107"><AttributeType>xyz</AttributeType><IsRequired>true</IsRequired><Value i:type="a:ArrayOfdouble" xmlns:a="http://schemas.microsoft.com/2003/10/Serialization/Arrays"><a:double>0</a:double><a:double>0</a:double><a:double>0</a:double></Value></Attribute><Attribute z:Id="i108"><AttributeType>rpy</AttributeType><IsRequired>true</IsRequired><Value i:type="a:ArrayOfdouble" xmlns:a="http://schemas.microsoft.com/2003/10/Serialization/Arrays"><a:double>0</a:double><a:double>0</a:double><a:double>0</a:double></Value></Attribute></Attributes><ChildElements/><ElementName>origin</ElementName><required>false</required><RPYAttribute z:Ref="i108"/><XYZAttribute z:Ref="i107"/><isCustomized>false</isCustomized></URDFElement><URDFElement z:Id="i109" i:type="ParentLink"><Attributes><Attribute z:Id="i110"><AttributeType>link</AttributeType><IsRequired>true</IsRequired><Value i:type="a:string" xmlns:a="http://www.w3.org/2001/XMLSchema"/></Attribute></Attributes><ChildElements/><ElementName>parent</ElementName><required>true</required><NameAttribute z:Ref="i110"/></URDFElement><URDFElement z:Id="i111" i:type="ChildLink"><Attributes><Attribute z:Id="i112"><AttributeType>link</AttributeType><IsRequired>true</IsRequired><Value i:type="a:string" xmlns:a="http://www.w3.org/2001/XMLSchema"/></Attribute></Attributes><ChildElements/><ElementName>child</ElementName><required>true</required><NameAttribute z:Ref="i112"/></URDFElement><URDFElement z:Id="i113" i:type="Axis"><Attributes><Attribute z:Id="i114"><AttributeType>xyz</AttributeType><IsRequired>true</IsRequired><Value i:type="a:ArrayOfdouble" xmlns:a="http://schemas.microsoft.com/2003/10/Serialization/Arrays"><a:double>0</a:double><a:double>0</a:double><a:double>0</a:double></Value></Attribute></Attributes><ChildElements/><ElementName>axis</ElementName><required>false</required><XYZAttribute z:Ref="i114"/></URDFElement><URDFElement z:Id="i115" i:type="Limit"><Attributes><Attribute z:Id="i116"><AttributeType>lower</AttributeType><IsRequired>false</IsRequired><Value i:nil="true"/></Attribute><Attribute z:Id="i117"><AttributeType>upper</AttributeType><IsRequired>false</IsRequired><Value i:nil="true"/></Attribute><Attribute z:Id="i118"><AttributeType>effort</AttributeType><IsRequired>true</IsRequired><Value i:nil="true"/></Attribute><Attribute z:Id="i119"><AttributeType>velocity</AttributeType><IsRequired>true</IsRequired><Value i:nil="true"/></Attribute></Attributes><ChildElements/><ElementName>limit</ElementName><required>false</required><EffortAttribute z:Ref="i118"/><LowerAttribute z:Ref="i116"/><UpperAttribute z:Ref="i117"/><VelocityAttribute z:Ref="i119"/></URDFElement><URDFElement z:Id="i120" i:type="Calibration"><Attributes><Attribute z:Id="i121"><AttributeType>rising</AttributeType><IsRequired>false</IsRequired><Value i:nil="true"/></Attribute><Attribute z:Id="i122"><AttributeType>falling</AttributeType><IsRequired>false</IsRequired><Value i:nil="true"/></Attribute></Attributes><ChildElements/><ElementName>calibration</ElementName><required>false</required><FallingAttribute z:Ref="i122"/><RisingAttribute z:Ref="i121"/></URDFElement><URDFElement z:Id="i123" i:type="Dynamics"><Attributes><Attribute z:Id="i124"><AttributeType>damping</AttributeType><IsRequired>false</IsRequired><Value i:nil="true"/></Attribute><Attribute z:Id="i125"><AttributeType>friction</AttributeType><IsRequired>false</IsRequired><Value i:nil="true"/></Attribute></Attributes><ChildElements/><ElementName>dynamics</ElementName><required>false</required><DampingAttribute z:Ref="i124"/><FrictionAttribute z:Ref="i125"/></URDFElement><URDFElement z:Id="i126" i:type="SafetyController"><Attributes><Attribute z:Id="i127"><AttributeType>soft_upper</AttributeType><IsRequired>false</IsRequired><Value i:nil="true"/></Attribute><Attribute z:Id="i128"><AttributeType>soft_lower</AttributeType><IsRequired>false</IsRequired><Value i:nil="true"/></Attribute><Attribute z:Id="i129"><AttributeType>k_position</AttributeType><IsRequired>false</IsRequired><Value i:nil="true"/></Attribute><Attribute z:Id="i130"><AttributeType>k_velocity</AttributeType><IsRequired>true</IsRequired><Value i:nil="true"/></Attribute></Attributes><ChildElements/><ElementName>safety_controller</ElementName><required>false</required><KPositionAttribute z:Ref="i129"/><KVelocityAttribute z:Ref="i130"/><SoftLowerAttribute z:Ref="i128"/><SoftUpperAttribute z:Ref="i127"/></URDFElement><URDFElement z:Id="i131" i:type="Mimic"><Attributes><Attribute z:Id="i132"><AttributeType>joint</AttributeType><IsRequired>true</IsRequired><Value i:nil="true"/></Attribute><Attribute z:Id="i133"><AttributeType>multiplier</AttributeType><IsRequired>false</IsRequired><Value i:nil="true"/></Attribute><Attribute z:Id="i134"><AttributeType>offset</AttributeType><IsRequired>false</IsRequired><Value i:nil="true"/></Attribute></Attributes><ChildElements/><ElementName>mimic</ElementName><required>false</required><JointNameAttribute z:Ref="i132"/><MultiplierAttribute z:Ref="i133"/><OffsetAttribute z:Ref="i134"/></URDFElement></ChildElements><ElementName>joint</ElementName><required>false</required><Axis z:Ref="i113"/><AxisName>Automatically Generate</AxisName><Calibration z:Ref="i120"/><Child z:Ref="i111"/><CoordinateSystemName>Automatically Generate</CoordinateSystemName><Dynamics z:Ref="i123"/><Limit z:Ref="i115"/><Mimic z:Ref="i131"/><NameAttribute z:Ref="i104"/><Origin z:Ref="i106"/><Parent z:Ref="i109"/><Safety z:Ref="i126"/><TypeAttribute z:Ref="i105"/></URDFElement></ChildElements><ElementName>link</ElementName><required>true</required><Children/><Collision z:Ref="i96"/><Inertial z:Ref="i70"/><Joint z:Ref="i103"/><NameAttribute z:Ref="i69"/><Parent z:Ref="i1"/><STLQualityFine>false</STLQualityFine><SWComponentPIDs xmlns:a="http://schemas.microsoft.com/2003/10/Serialization/Arrays"><a:base64Binary>+CoAAAUAAAD//v8sYgBlAGwAdABfAGwAZQBmAHQALQAyAEAAZgB1AGwAbAAgAGIAbwB0AC8AcwBtAGEAbABsAF8AdwBoAGUAZQBsAC0AMQBAAGIAZQBsAHQAXwBsAGUAZgB0AAQAAAAQAAAAAQAAAAIAAAAYAAAAGQAAAA==</a:base64Binary><a:base64Binary>+CoAAAUAAAD//v8lYgBlAGwAdABfAGwAZQBmAHQALQAyAEAAZgB1AGwAbAAgAGIAbwB0AC8AYgBlAGwAdAAtADMAQABiAGUAbAB0AF8AbABlAGYAdAAEAAAAEAAAAAEAAAACAAAAGAAAAMMFAAA=</a:base64Binary><a:base64Binary>+CoAAAUAAAD//v8sYgBlAGwAdABfAGwAZQBmAHQALQAyAEAAZgB1AGwAbAAgAGIAbwB0AC8AcwBtAGEAbABsAF8AdwBoAGUAZQBsAC0AMgBAAGIAZQBsAHQAXwBsAGUAZgB0AAQAAAAQAAAAAQAAAAIAAAAYAAAAHgAAAA==</a:base64Binary><a:base64Binary>+CoAAAUAAAD//v8sYgBlAGwAdABfAGwAZQBmAHQALQAyAEAAZgB1AGwAbAAgAGIAbwB0AC8AbABhAHIAZwBlAF8AdwBoAGUAZQBsAC0AMQBAAGIAZQBsAHQAXwBsAGUAZgB0AAQAAAAQAAAAAQAAAAIAAAAYAAAAGAAAAA==</a:base64Binary></SWComponentPIDs><SWMainComponentPID i:nil="true"/><Visual z:Ref="i83"/><isFixedFrame>false</isFixedFrame><isIncomplete>false</isIncomplete></Link><Link z:Id="i135"><Attributes><Attribute z:Id="i136"><AttributeType>name</AttributeType><IsRequired>true</IsRequired><Value i:type="a:string" xmlns:a="http://www.w3.org/2001/XMLSchema">Right</Value></Attribute></Attributes><ChildElements><URDFElement z:Id="i137" i:type="Inertial"><Attributes/><ChildElements><URDFElement z:Id="i138" i:type="Origin"><Attributes><Attribute z:Id="i139"><AttributeType>xyz</AttributeType><IsRequired>true</IsRequired><Value i:type="a:ArrayOfdouble" xmlns:a="http://schemas.microsoft.com/2003/10/Serialization/Arrays"><a:double>0</a:double><a:double>0</a:double><a:double>0</a:double></Value></Attribute><Attribute z:Id="i140"><AttributeType>rpy</AttributeType><IsRequired>true</IsRequired><Value i:type="a:ArrayOfdouble" xmlns:a="http://schemas.microsoft.com/2003/10/Serialization/Arrays"><a:double>0</a:double><a:double>0</a:double><a:double>0</a:double></Value></Attribute></Attributes><ChildElements/><ElementName>origin</ElementName><required>false</required><RPYAttribute z:Ref="i140"/><XYZAttribute z:Ref="i139"/><isCustomized>false</isCustomized></URDFElement><URDFElement z:Id="i141" i:type="Mass"><Attributes><Attribute z:Id="i142"><AttributeType>value</AttributeType><IsRequired>true</IsRequired><Value i:type="a:double" xmlns:a="http://www.w3.org/2001/XMLSchema">0</Value></Attribute></Attributes><ChildElements/><ElementName>mass</ElementName><required>false</required><ValueAttribute z:Ref="i142"/></URDFElement><URDFElement z:Id="i143" i:type="Inertia"><Attributes><Attribute z:Id="i144"><AttributeType>ixx</AttributeType><IsRequired>true</IsRequired><Value i:type="a:double" xmlns:a="http://www.w3.org/2001/XMLSchema">0</Value></Attribute><Attribute z:Id="i145"><AttributeType>ixy</AttributeType><IsRequired>true</IsRequired><Value i:type="a:double" xmlns:a="http://www.w3.org/2001/XMLSchema">0</Value></Attribute><Attribute z:Id="i146"><AttributeType>ixz</AttributeType><IsRequired>true</IsRequired><Value i:type="a:double" xmlns:a="http://www.w3.org/2001/XMLSchema">0</Value></Attribute><Attribute z:Id="i147"><AttributeType>iyy</AttributeType><IsRequired>true</IsRequired><Value i:type="a:double" xmlns:a="http://www.w3.org/2001/XMLSchema">0</Value></Attribute><Attribute z:Id="i148"><AttributeType>iyz</AttributeType><IsRequired>true</IsRequired><Value i:type="a:double" xmlns:a="http://www.w3.org/2001/XMLSchema">0</Value></Attribute><Attribute z:Id="i149"><AttributeType>izz</AttributeType><IsRequired>true</IsRequired><Value i:type="a:double" xmlns:a="http://www.w3.org/2001/XMLSchema">0</Value></Attribute></Attributes><ChildElements/><ElementName>inertia</ElementName><required>false</required><IxxAttribute z:Ref="i144"/><IxyAttribute z:Ref="i145"/><IxzAttribute z:Ref="i146"/><IyyAttribute z:Ref="i147"/><IyzAttribute z:Ref="i148"/><IzzAttribute z:Ref="i149"/></URDFElement></ChildElements><ElementName>inertial</ElementName><required>false</required><Inertia z:Ref="i143"/><Mass z:Ref="i141"/><Origin z:Ref="i138"/></URDFElement><URDFElement z:Id="i150" i:type="Visual"><Attributes/><ChildElements><URDFElement z:Id="i151" i:type="Origin"><Attributes><Attribute z:Id="i152"><AttributeType>xyz</AttributeType><IsRequired>true</IsRequired><Value i:type="a:ArrayOfdouble" xmlns:a="http://schemas.microsoft.com/2003/10/Serialization/Arrays"><a:double>0</a:double><a:double>0</a:double><a:double>0</a:double></Value></Attribute><Attribute z:Id="i153"><AttributeType>rpy</AttributeType><IsRequired>true</IsRequired><Value i:type="a:ArrayOfdouble" xmlns:a="http://schemas.microsoft.com/2003/10/Serialization/Arrays"><a:double>0</a:double><a:double>0</a:double><a:double>0</a:double></Value></Attribute></Attributes><ChildElements/><ElementName>origin</ElementName><required>false</required><RPYAttribute z:Ref="i153"/><XYZAttribute z:Ref="i152"/><isCustomized>false</isCustomized></URDFElement><URDFElement z:Id="i154" i:type="Geometry"><Attributes/><ChildElements><URDFElement z:Id="i155" i:type="Mesh"><Attributes><Attribute z:Id="i156"><AttributeType>filename</AttributeType><IsRequired>true</IsRequired><Value i:nil="true"/></Attribute></Attributes><ChildElements/><ElementName>mesh</ElementName><required>false</required><FilenameAttribute z:Ref="i156"/></URDFElement></ChildElements><ElementName>geometry</ElementName><required>true</required><Mesh z:Ref="i155"/></URDFElement><URDFElement z:Id="i157" i:type="Material"><Attributes><Attribute z:Id="i158"><AttributeType>name</AttributeType><IsRequired>true</IsRequired><Value i:type="a:string" xmlns:a="http://www.w3.org/2001/XMLSchema"/></Attribute></Attributes><ChildElements><URDFElement z:Id="i159" i:type="Color"><Attributes><Attribute z:Id="i160"><AttributeType>rgba</AttributeType><IsRequired>true</IsRequired><Value i:type="a:ArrayOfdouble" xmlns:a="http://schemas.microsoft.com/2003/10/Serialization/Arrays"><a:double>1</a:double><a:double>1</a:double><a:double>1</a:double><a:double>1</a:double></Value></Attribute></Attributes><ChildElements/><ElementName>color</ElementName><required>false</required><RGBAAttribute z:Ref="i160"/></URDFElement><URDFElement z:Id="i161" i:type="Texture"><Attributes><Attribute z:Id="i162"><AttributeType>filename</AttributeType><IsRequired>true</IsRequired><Value i:nil="true"/></Attribute></Attributes><ChildElements/><ElementName>texture</ElementName><required>false</required><FilenameAttribute z:Ref="i162"/><wFilename/></URDFElement></ChildElements><ElementName>material</ElementName><required>false</required><Color z:Ref="i159"/><NameAttribute z:Ref="i158"/><Texture z:Ref="i161"/></URDFElement></ChildElements><ElementName>visual</ElementName><required>false</required><Geometry z:Ref="i154"/><Material z:Ref="i157"/><Origin z:Ref="i151"/></URDFElement><URDFElement z:Id="i163" i:type="Collision"><Attributes/><ChildElements><URDFElement z:Id="i164" i:type="Origin"><Attributes><Attribute z:Id="i165"><AttributeType>xyz</AttributeType><IsRequired>true</IsRequired><Value i:type="a:ArrayOfdouble" xmlns:a="http://schemas.microsoft.com/2003/10/Serialization/Arrays"><a:double>0</a:double><a:double>0</a:double><a:double>0</a:double></Value></Attribute><Attribute z:Id="i166"><AttributeType>rpy</AttributeType><IsRequired>true</IsRequired><Value i:type="a:ArrayOfdouble" xmlns:a="http://schemas.microsoft.com/2003/10/Serialization/Arrays"><a:double>0</a:double><a:double>0</a:double><a:double>0</a:double></Value></Attribute></Attributes><ChildElements/><ElementName>origin</ElementName><required>false</required><RPYAttribute z:Ref="i166"/><XYZAttribute z:Ref="i165"/><isCustomized>false</isCustomized></URDFElement><URDFElement z:Id="i167" i:type="Geometry"><Attributes/><ChildElements><URDFElement z:Id="i168" i:type="Mesh"><Attributes><Attribute z:Id="i169"><AttributeType>filename</AttributeType><IsRequired>true</IsRequired><Value i:nil="true"/></Attribute></Attributes><ChildElements/><ElementName>mesh</ElementName><required>false</required><FilenameAttribute z:Ref="i169"/></URDFElement></ChildElements><ElementName>geometry</ElementName><required>true</required><Mesh z:Ref="i168"/></URDFElement></ChildElements><ElementName>collision</ElementName><required>false</required><Geometry z:Ref="i167"/><Origin z:Ref="i164"/></URDFElement><URDFElement z:Id="i170" i:type="Joint"><Attributes><Attribute z:Id="i171"><AttributeType>name</AttributeType><IsRequired>true</IsRequired><Value i:type="a:string" xmlns:a="http://www.w3.org/2001/XMLSchema">R-joint</Value></Attribute><Attribute z:Id="i172"><AttributeType>type</AttributeType><IsRequired>true</IsRequired><Value i:type="a:string" xmlns:a="http://www.w3.org/2001/XMLSchema">Automatically Detect</Value></Attribute></Attributes><ChildElements><URDFElement z:Id="i173" i:type="Origin"><Attributes><Attribute z:Id="i174"><AttributeType>xyz</AttributeType><IsRequired>true</IsRequired><Value i:type="a:ArrayOfdouble" xmlns:a="http://schemas.microsoft.com/2003/10/Serialization/Arrays"><a:double>0</a:double><a:double>0</a:double><a:double>0</a:double></Value></Attribute><Attribute z:Id="i175"><AttributeType>rpy</AttributeType><IsRequired>true</IsRequired><Value i:type="a:ArrayOfdouble" xmlns:a="http://schemas.microsoft.com/2003/10/Serialization/Arrays"><a:double>0</a:double><a:double>0</a:double><a:double>0</a:double></Value></Attribute></Attributes><ChildElements/><ElementName>origin</ElementName><required>false</required><RPYAttribute z:Ref="i175"/><XYZAttribute z:Ref="i174"/><isCustomized>false</isCustomized></URDFElement><URDFElement z:Id="i176" i:type="ParentLink"><Attributes><Attribute z:Id="i177"><AttributeType>link</AttributeType><IsRequired>true</IsRequired><Value i:type="a:string" xmlns:a="http://www.w3.org/2001/XMLSchema"/></Attribute></Attributes><ChildElements/><ElementName>parent</ElementName><required>true</required><NameAttribute z:Ref="i177"/></URDFElement><URDFElement z:Id="i178" i:type="ChildLink"><Attributes><Attribute z:Id="i179"><AttributeType>link</AttributeType><IsRequired>true</IsRequired><Value i:type="a:string" xmlns:a="http://www.w3.org/2001/XMLSchema"/></Attribute></Attributes><ChildElements/><ElementName>child</ElementName><required>true</required><NameAttribute z:Ref="i179"/></URDFElement><URDFElement z:Id="i180" i:type="Axis"><Attributes><Attribute z:Id="i181"><AttributeType>xyz</AttributeType><IsRequired>true</IsRequired><Value i:type="a:ArrayOfdouble" xmlns:a="http://schemas.microsoft.com/2003/10/Serialization/Arrays"><a:double>0</a:double><a:double>0</a:double><a:double>0</a:double></Value></Attribute></Attributes><ChildElements/><ElementName>axis</ElementName><required>false</required><XYZAttribute z:Ref="i181"/></URDFElement><URDFElement z:Id="i182" i:type="Limit"><Attributes><Attribute z:Id="i183"><AttributeType>lower</AttributeType><IsRequired>false</IsRequired><Value i:nil="true"/></Attribute><Attribute z:Id="i184"><AttributeType>upper</AttributeType><IsRequired>false</IsRequired><Value i:nil="true"/></Attribute><Attribute z:Id="i185"><AttributeType>effort</AttributeType><IsRequired>true</IsRequired><Value i:nil="true"/></Attribute><Attribute z:Id="i186"><AttributeType>velocity</AttributeType><IsRequired>true</IsRequired><Value i:nil="true"/></Attribute></Attributes><ChildElements/><ElementName>limit</ElementName><required>false</required><EffortAttribute z:Ref="i185"/><LowerAttribute z:Ref="i183"/><UpperAttribute z:Ref="i184"/><VelocityAttribute z:Ref="i186"/></URDFElement><URDFElement z:Id="i187" i:type="Calibration"><Attributes><Attribute z:Id="i188"><AttributeType>rising</AttributeType><IsRequired>false</IsRequired><Value i:nil="true"/></Attribute><Attribute z:Id="i189"><AttributeType>falling</AttributeType><IsRequired>false</IsRequired><Value i:nil="true"/></Attribute></Attributes><ChildElements/><ElementName>calibration</ElementName><required>false</required><FallingAttribute z:Ref="i189"/><RisingAttribute z:Ref="i188"/></URDFElement><URDFElement z:Id="i190" i:type="Dynamics"><Attributes><Attribute z:Id="i191"><AttributeType>damping</AttributeType><IsRequired>false</IsRequired><Value i:nil="true"/></Attribute><Attribute z:Id="i192"><AttributeType>friction</AttributeType><IsRequired>false</IsRequired><Value i:nil="true"/></Attribute></Attributes><ChildElements/><ElementName>dynamics</ElementName><required>false</required><DampingAttribute z:Ref="i191"/><FrictionAttribute z:Ref="i192"/></URDFElement><URDFElement z:Id="i193" i:type="SafetyController"><Attributes><Attribute z:Id="i194"><AttributeType>soft_upper</AttributeType><IsRequired>false</IsRequired><Value i:nil="true"/></Attribute><Attribute z:Id="i195"><AttributeType>soft_lower</AttributeType><IsRequired>false</IsRequired><Value i:nil="true"/></Attribute><Attribute z:Id="i196"><AttributeType>k_position</AttributeType><IsRequired>false</IsRequired><Value i:nil="true"/></Attribute><Attribute z:Id="i197"><AttributeType>k_velocity</AttributeType><IsRequired>true</IsRequired><Value i:nil="true"/></Attribute></Attributes><ChildElements/><ElementName>safety_controller</ElementName><required>false</required><KPositionAttribute z:Ref="i196"/><KVelocityAttribute z:Ref="i197"/><SoftLowerAttribute z:Ref="i195"/><SoftUpperAttribute z:Ref="i194"/></URDFElement><URDFElement z:Id="i198" i:type="Mimic"><Attributes><Attribute z:Id="i199"><AttributeType>joint</AttributeType><IsRequired>true</IsRequired><Value i:nil="true"/></Attribute><Attribute z:Id="i200"><AttributeType>multiplier</AttributeType><IsRequired>false</IsRequired><Value i:nil="true"/></Attribute><Attribute z:Id="i201"><AttributeType>offset</AttributeType><IsRequired>false</IsRequired><Value i:nil="true"/></Attribute></Attributes><ChildElements/><ElementName>mimic</ElementName><required>false</required><JointNameAttribute z:Ref="i199"/><MultiplierAttribute z:Ref="i200"/><OffsetAttribute z:Ref="i201"/></URDFElement></ChildElements><ElementName>joint</ElementName><required>false</required><Axis z:Ref="i180"/><AxisName>Automatically Generate</AxisName><Calibration z:Ref="i187"/><Child z:Ref="i178"/><CoordinateSystemName>Automatically Generate</CoordinateSystemName><Dynamics z:Ref="i190"/><Limit z:Ref="i182"/><Mimic z:Ref="i198"/><NameAttribute z:Ref="i171"/><Origin z:Ref="i173"/><Parent z:Ref="i176"/><Safety z:Ref="i193"/><TypeAttribute z:Ref="i172"/></URDFElement></ChildElements><ElementName>link</ElementName><required>true</required><Children/><Collision z:Ref="i163"/><Inertial z:Ref="i137"/><Joint z:Ref="i170"/><NameAttribute z:Ref="i136"/><Parent z:Ref="i1"/><STLQualityFine>false</STLQualityFine><SWComponentPIDs xmlns:a="http://schemas.microsoft.com/2003/10/Serialization/Arrays"><a:base64Binary>+CoAAAUAAAD//v8sYgBlAGwAdABfAGwAZQBmAHQALQAxAEAAZgB1AGwAbAAgAGIAbwB0AC8AcwBtAGEAbABsAF8AdwBoAGUAZQBsAC0AMQBAAGIAZQBsAHQAXwBsAGUAZgB0AAQAAAAQAAAAAQAAAAIAAAAXAAAAGQAAAA==</a:base64Binary><a:base64Binary>+CoAAAUAAAD//v8sYgBlAGwAdABfAGwAZQBmAHQALQAxAEAAZgB1AGwAbAAgAGIAbwB0AC8AcwBtAGEAbABsAF8AdwBoAGUAZQBsAC0AMgBAAGIAZQBsAHQAXwBsAGUAZgB0AAQAAAAQAAAAAQAAAAIAAAAXAAAAHgAAAA==</a:base64Binary><a:base64Binary>+CoAAAUAAAD//v8lYgBlAGwAdABfAGwAZQBmAHQALQAxAEAAZgB1AGwAbAAgAGIAbwB0AC8AYgBlAGwAdAAtADMAQABiAGUAbAB0AF8AbABlAGYAdAAEAAAAEAAAAAEAAAACAAAAFwAAAMMFAAA=</a:base64Binary><a:base64Binary>+CoAAAUAAAD//v8sYgBlAGwAdABfAGwAZQBmAHQALQAxAEAAZgB1AGwAbAAgAGIAbwB0AC8AbABhAHIAZwBlAF8AdwBoAGUAZQBsAC0AMQBAAGIAZQBsAHQAXwBsAGUAZgB0AAQAAAAQAAAAAQAAAAIAAAAXAAAAGAAAAA==</a:base64Binary></SWComponentPIDs><SWMainComponentPID i:nil="true"/><Visual z:Ref="i150"/><isFixedFrame>false</isFixedFrame><isIncomplete>false</isIncomplete></Link></Children><Collision z:Ref="i29"/><Inertial z:Ref="i3"/><Joint z:Ref="i36"/><NameAttribute z:Ref="i2"/><Parent i:nil="true"/><STLQualityFine>false</STLQualityFine><SWComponentPIDs xmlns:a="http://schemas.microsoft.com/2003/10/Serialization/Arrays"><a:base64Binary>+CoAAAUAAAD//v8VYwBhAG0AZQByAGEAXwByAG8AZAAtADEAQABmAHUAbABsACAAYgBvAHQABAAAABAAAAABAAAAAQAAAGcAAAA=</a:base64Binary><a:base64Binary>+CoAAAUAAAD//v8uYwBhAG0AZQByAGEAXwBzAHQAYQBmAGYALQAxAEAAZgB1AGwAbAAgAGIAbwB0AC8AcgBvAGQAXwBvAHUAdAAtADEAQABjAGEAbQBlAHIAYQBfAHMAdABhAGYAZgAEAAAAEAAAAAEAAAACAAAApAAAABkAAAA=</a:base64Binary><a:base64Binary>+CoAAAUAAAD//v8STAAgAGMAbABhAG0AcAAtADEAQABmAHUAbABsACAAYgBvAHQABAAAABAAAAABAAAAAQAAAJcAAAA=</a:base64Binary><a:base64Binary>+CoAAAUAAAD//v82YwBhAG0AZQByAGEAXwBzAHQAYQBmAGYALQAxAEAAZgB1AGwAbAAgAGIAbwB0AC8AQQB6AHUAcgBlACAASwBpAG4AZQBjAHQAIABEAEsALQAxAEAAYwBhAG0AZQByAGEAXwBzAHQAYQBmAGYABAAAABAAAAABAAAAAgAAAKQAAAAXAAAA</a:base64Binary><a:base64Binary>+CoAAAUAAAD//v8tYwBhAG0AZQByAGEAXwBzAHQAYQBmAGYALQAxAEAAZgB1AGwAbAAgAGIAbwB0AC8AcgBvAGQAXwBpAG4ALQAxAEAAYwBhAG0AZQByAGEAXwBzAHQAYQBmAGYABAAAABAAAAABAAAAAgAAAKQAAAAYAAAA</a:base64Binary><a:base64Binary>+CoAAAUAAAD//v8XYwBoAGEAcwBzAGkAcwBfAHAAbABhAHQALQAxAEAAZgB1AGwAbAAgAGIAbwB0AAQAAAAQAAAAAQAAAAEAAAAZAAAA</a:base64Binary><a:base64Binary>+CoAAAUAAAD//v8YbQBvAHQAbwByAF8AcwB1AHAAcABvAHIAdAAtADEAQABmAHUAbABsACAAYgBvAHQABAAAABAAAAABAAAAAQAAAFwAAAA=</a:base64Binary><a:base64Binary>+CoAAAUAAAD//v8kbQBvAHQAbwByAC0AMQBAAGYAdQBsAGwAIABiAG8AdAAvAE0AbwB0AG8AcgBOAGUAbQBhADEANwAtADEAQABtAG8AdABvAHIABAAAABAAAAABAAAAAgAAAEcAAAAXAAAA</a:base64Binary><a:base64Binary>+CoAAAUAAAD//v8nbQBvAHQAbwByAC0AMQBAAGYAdQBsAGwAIABiAG8AdAAvAG4AZQBtAGEAXwAxADcAXwBoAG8AbABkAGUAcgAtADEAQABtAG8AdABvAHIABAAAABAAAAABAAAAAgAAAEcAAAAYAAAA</a:base64Binary><a:base64Binary>+CoAAAUAAAD//v8vYgBlAGwAdABfAGwAZQBmAHQALQAxAEAAZgB1AGwAbAAgAGIAbwB0AC8AdAByAGEAYwBrAF8AcwB5AHMAdABlAG0AXwAxAC0AMQBAAGIAZQBsAHQAXwBsAGUAZgB0AAQAAAAQAAAAAQAAAAIAAAAXAAAADwEAAA==</a:base64Binary><a:base64Binary>+CoAAAUAAAD//v8kbQBvAHQAbwByAC0AMgBAAGYAdQBsAGwAIABiAG8AdAAvAE0AbwB0AG8AcgBOAGUAbQBhADEANwAtADEAQABtAG8AdABvAHIABAAAABAAAAABAAAAAgAAAEwAAAAXAAAA</a:base64Binary><a:base64Binary>+CoAAAUAAAD//v8YbQBvAHQAbwByAF8AcwB1AHAAcABvAHIAdAAtADIAQABmAHUAbABsACAAYgBvAHQABAAAABAAAAABAAAAAQAAAGAAAAA=</a:base64Binary><a:base64Binary>+CoAAAUAAAD//v8vYgBlAGwAdABfAGwAZQBmAHQALQAyAEAAZgB1AGwAbAAgAGIAbwB0AC8AdAByAGEAYwBrAF8AcwB5AHMAdABlAG0AXwAxAC0AMQBAAGIAZQBsAHQAXwBsAGUAZgB0AAQAAAAQAAAAAQAAAAIAAAAYAAAADwEAAA==</a:base64Binary><a:base64Binary>+CoAAAUAAAD//v8XYwBoAGEAcwBzAGkAcwBfAHAAbABhAHQALQAyAEAAZgB1AGwAbAAgAGIAbwB0AAQAAAAQAAAAAQAAAAEAAAArAAAA</a:base64Binary><a:base64Binary>+CoAAAUAAAD//v8XYwBoAGEAcwBzAGkAcwBfAHAAbABhAHQALQAzAEAAZgB1AGwAbAAgAGIAbwB0AAQAAAAQAAAAAQAAAAEAAAAyAAAA</a:base64Binary></SWComponentPIDs><SWMainComponentPID i:nil="true"/><Visual z:Ref="i16"/><isFixedFrame>false</isFixedFrame><isIncomplete>false</isIncomplete></Link>
2020-07-25 23:41:50,520 INFO  AssemblyExportForm.cs: 308 - Saving URDF package to C:\Users\ASUS\Desktop\Autonomous Stair Climbing Robot\Solidwork\full bot.SLDASM
2020-07-25 23:41:50,524 INFO  ExportHelper.cs: 147 - Beginning the export process
2020-07-25 23:41:50,526 INFO  ExportHelper.cs: 153 - Creating package directories with name full bot.SLDASM and save path C:\Users\ASUS\Desktop\Autonomous Stair Climbing Robot\Solidwork
2020-07-25 23:41:52,610 INFO  ExportHelper.cs: 162 - Creating CMakeLists.txt at C:\Users\ASUS\Desktop\Autonomous Stair Climbing Robot\Solidwork\full bot.SLDASM\CMakeLists.txt
2020-07-25 23:41:52,624 INFO  ExportHelper.cs: 166 - Creating joint names config at C:\Users\ASUS\Desktop\Autonomous Stair Climbing Robot\Solidwork\full bot.SLDASM\config\joint_names_full bot.SLDASM.yaml
2020-07-25 23:41:52,636 INFO  ExportHelper.cs: 170 - Creating package.xml at C:\Users\ASUS\Desktop\Autonomous Stair Climbing Robot\Solidwork\full bot.SLDASM\package.xml
2020-07-25 23:41:52,639 INFO  PackageXMLWriter.cs: 21 - Creating package.xml at C:\Users\ASUS\Desktop\Autonomous Stair Climbing Robot\Solidwork\full bot.SLDASM\package.xml
2020-07-25 23:41:52,660 INFO  ExportHelper.cs: 177 - Creating RVIZ launch file in C:\Users\ASUS\Desktop\Autonomous Stair Climbing Robot\Solidwork\full bot.SLDASM\launch\
2020-07-25 23:41:52,676 INFO  ExportHelper.cs: 182 - Creating Gazebo launch file in C:\Users\ASUS\Desktop\Autonomous Stair Climbing Robot\Solidwork\full bot.SLDASM\launch\
2020-07-25 23:41:52,687 INFO  ExportHelper.cs: 187 - Saving existing STL preferences
2020-07-25 23:41:52,688 INFO  ExportHelper.cs: 451 - Saving users preferences
2020-07-25 23:41:52,690 INFO  ExportHelper.cs: 190 - Modifying STL preferences
2020-07-25 23:41:52,691 INFO  ExportHelper.cs: 465 - Setting STL preferences
2020-07-25 23:41:52,714 INFO  ExportHelper.cs: 196 - Found 0 hidden components 
2020-07-25 23:41:52,726 INFO  ExportHelper.cs: 197 - Hiding all components
2020-07-25 23:41:53,803 INFO  ExportHelper.cs: 204 - Beginning individual files export
2020-07-25 23:41:53,809 INFO  ExportHelper.cs: 270 - Exporting link: base_link
2020-07-25 23:41:53,810 INFO  ExportHelper.cs: 272 - Link base_link has 2 children
2020-07-25 23:41:53,811 INFO  ExportHelper.cs: 270 - Exporting link: Left
2020-07-25 23:41:53,812 INFO  ExportHelper.cs: 272 - Link Left has 0 children
2020-07-25 23:41:53,813 INFO  ExportHelper.cs: 318 - Left: Exporting STL with coordinate frame Origin_L-joint
2020-07-25 23:41:53,815 INFO  ExportHelper.cs: 323 - Left: Reference geometry name 
2020-07-25 23:41:54,087 INFO  ExportHelper.cs: 331 - Saving STL to C:\Users\ASUS\Desktop\Autonomous Stair Climbing Robot\Solidwork\full bot.SLDASM\meshes\Left.STL
2020-07-25 23:41:54,423 INFO  ExportHelper.cs: 406 - Removing SW header in STL file
2020-07-25 23:41:54,434 INFO  ExportHelper.cs: 270 - Exporting link: Right
2020-07-25 23:41:54,435 INFO  ExportHelper.cs: 272 - Link Right has 0 children
2020-07-25 23:41:54,435 INFO  ExportHelper.cs: 318 - Right: Exporting STL with coordinate frame Origin_R-joint
2020-07-25 23:41:54,435 INFO  ExportHelper.cs: 323 - Right: Reference geometry name 
2020-07-25 23:41:54,593 INFO  ExportHelper.cs: 331 - Saving STL to C:\Users\ASUS\Desktop\Autonomous Stair Climbing Robot\Solidwork\full bot.SLDASM\meshes\Right.STL
2020-07-25 23:41:54,765 INFO  ExportHelper.cs: 406 - Removing SW header in STL file
2020-07-25 23:41:54,774 INFO  ExportHelper.cs: 318 - base_link: Exporting STL with coordinate frame Origin_global
2020-07-25 23:41:54,775 INFO  ExportHelper.cs: 323 - base_link: Reference geometry name 
2020-07-25 23:41:55,013 INFO  ExportHelper.cs: 331 - Saving STL to C:\Users\ASUS\Desktop\Autonomous Stair Climbing Robot\Solidwork\full bot.SLDASM\meshes\base_link.STL
2020-07-25 23:41:58,415 INFO  ExportHelper.cs: 406 - Removing SW header in STL file
2020-07-25 23:41:58,425 INFO  ExportHelper.cs: 145 - Showing all components except previously hidden components
2020-07-25 23:41:59,347 INFO  ExportHelper.cs: 145 - Resetting STL preferences
2020-07-25 23:41:59,348 INFO  ExportHelper.cs: 479 - Returning STL preferences to user preferences
2020-07-25 23:41:59,349 INFO  ExportHelper.cs: 228 - Writing URDF file to C:\Users\ASUS\Desktop\Autonomous Stair Climbing Robot\Solidwork\full bot.SLDASM\urdf\full bot.SLDASM.urdf
2020-07-25 23:41:59,674 INFO  CSVImportExport.cs: 32 - Writing CSV file C:\Users\ASUS\Desktop\Autonomous Stair Climbing Robot\Solidwork\full bot.SLDASM\urdf\full bot.SLDASM.csv
2020-07-25 23:41:59,735 ERROR CSVImportExport.cs: 132 - The following columns were not written to the CSV: Link.Joint.ChildLink.link,
2020-07-25 23:41:59,737 ERROR CSVImportExport.cs: 132 - The following columns were not written to the CSV: Link.Joint.ChildLink.link,
2020-07-25 23:41:59,738 ERROR CSVImportExport.cs: 132 - The following columns were not written to the CSV: Link.Joint.ChildLink.link,
2020-07-25 23:41:59,749 INFO  ExportHelper.cs: 234 - Copying log file
2020-07-25 23:41:59,756 INFO  ExportHelper.cs: 440 - Copying C:\Users\ASUS\sw2urdf_logs\sw2urdf.log to C:\Users\ASUS\Desktop\Autonomous Stair Climbing Robot\Solidwork\full bot.SLDASM\export.log
